[ 2023-03-21 19:05:34,386 ] 15 root - INFO - >>>>>>>>>>>>>>>>>>>>>>>>>>>>>>>>>>>>>>>> Data Ingestion <<<<<<<<<<<<<<<<<<<<<<<<<<<<<<<<<<<<<<<<
[ 2023-03-21 19:05:34,387 ] 22 root - INFO - Exporting collection data as pandas dataframe
[ 2023-03-21 19:05:34,387 ] 19 root - INFO - Reading data from database: adult and collection: census
[ 2023-03-21 19:05:35,651 ] 21 root - INFO - Found columns: Index(['_id', 'age', 'workclass', 'fnlwgt', 'education', 'education-num',
       'marital-status', 'occupation', 'relationship', 'race', 'sex',
       'capital-gain', 'capital-loss', 'hours-per-week', 'country', 'salary'],
      dtype='object')
[ 2023-03-21 19:05:35,652 ] 23 root - INFO - Dropping column: _id 
[ 2023-03-21 19:05:35,707 ] 25 root - INFO - Row and columns in df: (32561, 15)
[ 2023-03-21 19:05:35,707 ] 28 root - INFO - Save data in feature store
[ 2023-03-21 19:05:36,768 ] 45 root - INFO - Create feature store folder if not available
[ 2023-03-21 19:05:36,772 ] 49 root - INFO - Save df to feature store folder
[ 2023-03-21 19:05:37,382 ] 54 root - INFO - split dataset into train and test set
[ 2023-03-21 19:05:37,440 ] 58 root - INFO - create dataset directory folder if not available
[ 2023-03-21 19:05:37,441 ] 63 root - INFO - Save df to feature store folder
[ 2023-03-21 19:05:38,020 ] 75 root - INFO - Data ingestion artifact: DataIngestionArtifact(feature_store_file_path='/config/workspace/artifact/03212023__190534/data_ingestion/feature_store/census.csv', train_file_path='/config/workspace/artifact/03212023__190534/data_ingestion/dataset/train.csv', test_file_path='/config/workspace/artifact/03212023__190534/data_ingestion/dataset/test.csv')
[ 2023-03-21 19:05:38,092 ] 21 root - INFO - >>>>>>>>>>>>>>>>>>>>>>>>>>>>>>>>>>>>>>>> Data Validation <<<<<<<<<<<<<<<<<<<<<<<<<<<<<<<<<<<<<<<<
[ 2023-03-21 19:05:38,093 ] 109 root - INFO - Reading base dataframe
[ 2023-03-21 19:05:38,368 ] 113 root - INFO - Replace na value in base df
[ 2023-03-21 19:05:38,369 ] 115 root - INFO - Drop null values colums from base df
[ 2023-03-21 19:05:38,458 ] 44 root - INFO - selecting column name which contains null above to 0.2
[ 2023-03-21 19:05:38,460 ] 47 root - INFO - Columns to drop: []
