[ 2023-03-21 18:10:24,579 ] 15 root - INFO - >>>>>>>>>>>>>>>>>>>>>>>>>>>>>>>>>>>>>>>> Data Ingestion <<<<<<<<<<<<<<<<<<<<<<<<<<<<<<<<<<<<<<<<
[ 2023-03-21 18:10:24,580 ] 22 root - INFO - Exporting collection data as pandas dataframe
[ 2023-03-21 18:10:24,580 ] 19 root - INFO - Reading data from database: adult and collection: census
[ 2023-03-21 18:10:25,973 ] 21 root - INFO - Found columns: Index(['_id', 'age', 'workclass', 'fnlwgt', 'education', 'education-num',
       'marital-status', 'occupation', 'relationship', 'race', 'sex',
       'capital-gain', 'capital-loss', 'hours-per-week', 'country', 'salary'],
      dtype='object')
[ 2023-03-21 18:10:25,973 ] 23 root - INFO - Dropping column: _id 
[ 2023-03-21 18:10:26,034 ] 25 root - INFO - Row and columns in df: (32561, 15)
[ 2023-03-21 18:10:26,034 ] 28 root - INFO - Save data in feature store
[ 2023-03-21 18:10:27,385 ] 45 root - INFO - Create feature store folder if not available
[ 2023-03-21 18:10:27,387 ] 49 root - INFO - Save df to feature store folder
[ 2023-03-21 18:10:28,165 ] 54 root - INFO - split dataset into train and test set
[ 2023-03-21 18:10:28,286 ] 58 root - INFO - create dataset directory folder if not available
[ 2023-03-21 18:10:28,287 ] 63 root - INFO - Save df to feature store folder
[ 2023-03-21 18:10:28,908 ] 75 root - INFO - Data ingestion artifact: DataIngestionArtifact(feature_store_file_path='/config/workspace/artifact/03212023__181024/data_ingestion/feature_store/census.csv', train_file_path='/config/workspace/artifact/03212023__181024/data_ingestion/dataset/train.csv', test_file_path='/config/workspace/artifact/03212023__181024/data_ingestion/dataset/test.csv')
[ 2023-03-21 18:10:28,995 ] 21 root - INFO - >>>>>>>>>>>>>>>>>>>>>>>>>>>>>>>>>>>>>>>> Data Validation <<<<<<<<<<<<<<<<<<<<<<<<<<<<<<<<<<<<<<<<
[ 2023-03-21 18:10:28,996 ] 109 root - INFO - Reading base dataframe
[ 2023-03-21 18:10:29,331 ] 113 root - INFO - Replace na value in base df
[ 2023-03-21 18:10:29,332 ] 115 root - INFO - Drop null values colums from base df
[ 2023-03-21 18:10:29,421 ] 44 root - INFO - selecting column name which contains null above to 0.2
[ 2023-03-21 18:10:29,423 ] 47 root - INFO - Columns to drop: []
[ 2023-03-21 18:10:30,061 ] 130 root - INFO - Reading train dataframe
