[ 2023-03-21 19:09:36,940 ] 15 root - INFO - >>>>>>>>>>>>>>>>>>>>>>>>>>>>>>>>>>>>>>>> Data Ingestion <<<<<<<<<<<<<<<<<<<<<<<<<<<<<<<<<<<<<<<<
[ 2023-03-21 19:09:36,940 ] 22 root - INFO - Exporting collection data as pandas dataframe
[ 2023-03-21 19:09:36,940 ] 19 root - INFO - Reading data from database: adult and collection: census
[ 2023-03-21 19:09:38,201 ] 21 root - INFO - Found columns: Index(['_id', 'age', 'workclass', 'fnlwgt', 'education', 'education-num',
       'marital-status', 'occupation', 'relationship', 'race', 'sex',
       'capital-gain', 'capital-loss', 'hours-per-week', 'country', 'salary'],
      dtype='object')
[ 2023-03-21 19:09:38,202 ] 23 root - INFO - Dropping column: _id 
[ 2023-03-21 19:09:38,256 ] 25 root - INFO - Row and columns in df: (32561, 15)
[ 2023-03-21 19:09:38,256 ] 28 root - INFO - Save data in feature store
[ 2023-03-21 19:09:39,352 ] 45 root - INFO - Create feature store folder if not available
[ 2023-03-21 19:09:39,353 ] 49 root - INFO - Save df to feature store folder
[ 2023-03-21 19:09:40,042 ] 54 root - INFO - split dataset into train and test set
[ 2023-03-21 19:09:40,088 ] 58 root - INFO - create dataset directory folder if not available
[ 2023-03-21 19:09:40,089 ] 63 root - INFO - Save df to feature store folder
[ 2023-03-21 19:09:40,618 ] 75 root - INFO - Data ingestion artifact: DataIngestionArtifact(feature_store_file_path='/config/workspace/artifact/03212023__190936/data_ingestion/feature_store/census.csv', train_file_path='/config/workspace/artifact/03212023__190936/data_ingestion/dataset/train.csv', test_file_path='/config/workspace/artifact/03212023__190936/data_ingestion/dataset/test.csv')
[ 2023-03-21 19:09:40,688 ] 21 root - INFO - >>>>>>>>>>>>>>>>>>>>>>>>>>>>>>>>>>>>>>>> Data Validation <<<<<<<<<<<<<<<<<<<<<<<<<<<<<<<<<<<<<<<<
[ 2023-03-21 19:09:40,689 ] 109 root - INFO - Reading base dataframe
[ 2023-03-21 19:09:40,925 ] 113 root - INFO - Replace na value in base df
[ 2023-03-21 19:09:40,926 ] 115 root - INFO - Drop null values colums from base df
[ 2023-03-21 19:09:41,006 ] 44 root - INFO - selecting column name which contains null above to 0.2
[ 2023-03-21 19:09:41,007 ] 47 root - INFO - Columns to drop: []
[ 2023-03-21 19:09:41,891 ] 150 root - INFO - Reading train dataframe
[ 2023-03-21 19:09:42,248 ] 174 root - INFO - Reading test dataframe
[ 2023-03-21 19:09:42,356 ] 196 root - INFO - Drop null values colums from train df
[ 2023-03-21 19:09:42,360 ] 44 root - INFO - selecting column name which contains null above to 0.2
[ 2023-03-21 19:09:42,362 ] 47 root - INFO - Columns to drop: []
[ 2023-03-21 19:09:42,365 ] 198 root - INFO - Drop null values colums from test df
[ 2023-03-21 19:09:42,368 ] 44 root - INFO - selecting column name which contains null above to 0.2
[ 2023-03-21 19:09:42,370 ] 47 root - INFO - Columns to drop: []
[ 2023-03-21 19:09:42,417 ] 207 root - INFO - Is all required columns present in train df
[ 2023-03-21 19:09:42,417 ] 209 root - INFO - Is all required columns present in test df
[ 2023-03-21 19:09:42,418 ] 213 root - INFO - As all column are available in train df hence detecting data drift
[ 2023-03-21 19:09:42,418 ] 87 root - INFO - Hypothesis workclass: float64, float64 
[ 2023-03-21 19:09:42,467 ] 87 root - INFO - Hypothesis education: float64, float64 
[ 2023-03-21 19:09:42,517 ] 87 root - INFO - Hypothesis marital-status: float64, float64 
[ 2023-03-21 19:09:42,528 ] 87 root - INFO - Hypothesis occupation: float64, float64 
[ 2023-03-21 19:09:42,538 ] 87 root - INFO - Hypothesis relationship: float64, float64 
[ 2023-03-21 19:09:42,605 ] 87 root - INFO - Hypothesis race: float64, float64 
[ 2023-03-21 19:09:42,651 ] 87 root - INFO - Hypothesis sex: float64, float64 
[ 2023-03-21 19:09:42,694 ] 87 root - INFO - Hypothesis country: float64, float64 
[ 2023-03-21 19:09:42,760 ] 87 root - INFO - Hypothesis age: float64, float64 
[ 2023-03-21 19:09:42,775 ] 87 root - INFO - Hypothesis hours-per-week: float64, float64 
[ 2023-03-21 19:09:42,853 ] 216 root - INFO - As all column are available in test df hence detecting data drift
[ 2023-03-21 19:09:42,854 ] 87 root - INFO - Hypothesis workclass: float64, float64 
[ 2023-03-21 19:09:42,897 ] 87 root - INFO - Hypothesis education: float64, float64 
[ 2023-03-21 19:09:42,905 ] 87 root - INFO - Hypothesis marital-status: float64, float64 
[ 2023-03-21 19:09:42,912 ] 87 root - INFO - Hypothesis occupation: float64, float64 
[ 2023-03-21 19:09:42,928 ] 87 root - INFO - Hypothesis relationship: float64, float64 
[ 2023-03-21 19:09:42,939 ] 87 root - INFO - Hypothesis race: float64, float64 
[ 2023-03-21 19:09:42,958 ] 87 root - INFO - Hypothesis sex: float64, float64 
[ 2023-03-21 19:09:42,978 ] 87 root - INFO - Hypothesis country: float64, float64 
[ 2023-03-21 19:09:42,983 ] 87 root - INFO - Hypothesis age: float64, float64 
[ 2023-03-21 19:09:42,992 ] 87 root - INFO - Hypothesis hours-per-week: float64, float64 
[ 2023-03-21 19:09:42,999 ] 220 root - INFO - Write reprt in yaml file
