[ 2023-03-21 19:14:37,946 ] 15 root - INFO - >>>>>>>>>>>>>>>>>>>>>>>>>>>>>>>>>>>>>>>> Data Ingestion <<<<<<<<<<<<<<<<<<<<<<<<<<<<<<<<<<<<<<<<
[ 2023-03-21 19:14:37,947 ] 22 root - INFO - Exporting collection data as pandas dataframe
[ 2023-03-21 19:14:37,947 ] 20 root - INFO - Reading data from database: adult and collection: census
[ 2023-03-21 19:14:39,207 ] 22 root - INFO - Found columns: Index(['_id', 'age', 'workclass', 'fnlwgt', 'education', 'education-num',
       'marital-status', 'occupation', 'relationship', 'race', 'sex',
       'capital-gain', 'capital-loss', 'hours-per-week', 'country', 'salary'],
      dtype='object')
[ 2023-03-21 19:14:39,208 ] 24 root - INFO - Dropping column: _id 
[ 2023-03-21 19:14:39,255 ] 26 root - INFO - Row and columns in df: (32561, 15)
[ 2023-03-21 19:14:39,256 ] 28 root - INFO - Save data in feature store
[ 2023-03-21 19:14:40,279 ] 45 root - INFO - Create feature store folder if not available
[ 2023-03-21 19:14:40,280 ] 49 root - INFO - Save df to feature store folder
[ 2023-03-21 19:14:40,853 ] 54 root - INFO - split dataset into train and test set
[ 2023-03-21 19:14:40,902 ] 58 root - INFO - create dataset directory folder if not available
[ 2023-03-21 19:14:40,903 ] 63 root - INFO - Save df to feature store folder
[ 2023-03-21 19:14:41,401 ] 75 root - INFO - Data ingestion artifact: DataIngestionArtifact(feature_store_file_path='/config/workspace/artifact/03212023__191437/data_ingestion/feature_store/census.csv', train_file_path='/config/workspace/artifact/03212023__191437/data_ingestion/dataset/train.csv', test_file_path='/config/workspace/artifact/03212023__191437/data_ingestion/dataset/test.csv')
[ 2023-03-21 19:14:41,477 ] 21 root - INFO - >>>>>>>>>>>>>>>>>>>>>>>>>>>>>>>>>>>>>>>> Data Validation <<<<<<<<<<<<<<<<<<<<<<<<<<<<<<<<<<<<<<<<
[ 2023-03-21 19:14:41,477 ] 109 root - INFO - Reading base dataframe
[ 2023-03-21 19:14:41,746 ] 113 root - INFO - Replace na value in base df
[ 2023-03-21 19:14:41,747 ] 115 root - INFO - Drop null values colums from base df
[ 2023-03-21 19:14:41,858 ] 44 root - INFO - selecting column name which contains null above to 0.2
[ 2023-03-21 19:14:41,859 ] 47 root - INFO - Columns to drop: []
[ 2023-03-21 19:14:42,865 ] 150 root - INFO - Reading train dataframe
[ 2023-03-21 19:14:43,223 ] 174 root - INFO - Reading test dataframe
[ 2023-03-21 19:14:43,339 ] 196 root - INFO - Drop null values colums from train df
[ 2023-03-21 19:14:43,343 ] 44 root - INFO - selecting column name which contains null above to 0.2
[ 2023-03-21 19:14:43,345 ] 47 root - INFO - Columns to drop: []
[ 2023-03-21 19:14:43,349 ] 198 root - INFO - Drop null values colums from test df
[ 2023-03-21 19:14:43,352 ] 44 root - INFO - selecting column name which contains null above to 0.2
[ 2023-03-21 19:14:43,353 ] 47 root - INFO - Columns to drop: []
[ 2023-03-21 19:14:43,402 ] 207 root - INFO - Is all required columns present in train df
[ 2023-03-21 19:14:43,403 ] 209 root - INFO - Is all required columns present in test df
[ 2023-03-21 19:14:43,403 ] 213 root - INFO - As all column are available in train df hence detecting data drift
[ 2023-03-21 19:14:43,403 ] 87 root - INFO - Hypothesis workclass: float64, float64 
[ 2023-03-21 19:14:43,466 ] 87 root - INFO - Hypothesis education: float64, float64 
[ 2023-03-21 19:14:43,519 ] 87 root - INFO - Hypothesis marital-status: float64, float64 
[ 2023-03-21 19:14:43,529 ] 87 root - INFO - Hypothesis occupation: float64, float64 
[ 2023-03-21 19:14:43,554 ] 87 root - INFO - Hypothesis relationship: float64, float64 
[ 2023-03-21 19:14:43,601 ] 87 root - INFO - Hypothesis race: float64, float64 
[ 2023-03-21 19:14:43,647 ] 87 root - INFO - Hypothesis sex: float64, float64 
[ 2023-03-21 19:14:43,702 ] 87 root - INFO - Hypothesis country: float64, float64 
[ 2023-03-21 19:14:43,746 ] 87 root - INFO - Hypothesis age: float64, float64 
[ 2023-03-21 19:14:43,757 ] 87 root - INFO - Hypothesis hours-per-week: float64, float64 
[ 2023-03-21 19:14:43,809 ] 216 root - INFO - As all column are available in test df hence detecting data drift
[ 2023-03-21 19:14:43,809 ] 87 root - INFO - Hypothesis workclass: float64, float64 
[ 2023-03-21 19:14:43,831 ] 87 root - INFO - Hypothesis education: float64, float64 
[ 2023-03-21 19:14:43,838 ] 87 root - INFO - Hypothesis marital-status: float64, float64 
[ 2023-03-21 19:14:43,846 ] 87 root - INFO - Hypothesis occupation: float64, float64 
[ 2023-03-21 19:14:43,862 ] 87 root - INFO - Hypothesis relationship: float64, float64 
[ 2023-03-21 19:14:43,869 ] 87 root - INFO - Hypothesis race: float64, float64 
[ 2023-03-21 19:14:43,890 ] 87 root - INFO - Hypothesis sex: float64, float64 
[ 2023-03-21 19:14:43,910 ] 87 root - INFO - Hypothesis country: float64, float64 
[ 2023-03-21 19:14:43,916 ] 87 root - INFO - Hypothesis age: float64, float64 
[ 2023-03-21 19:14:43,925 ] 87 root - INFO - Hypothesis hours-per-week: float64, float64 
[ 2023-03-21 19:14:43,933 ] 220 root - INFO - Write reprt in yaml file
[ 2023-03-21 19:14:43,945 ] 225 root - INFO - Data validation artifact: DataValidationArtifact(report_file_path='/config/workspace/artifact/03212023__191437/data_validation/report.yaml')
