[ 2023-03-21 18:12:44,532 ] 15 root - INFO - >>>>>>>>>>>>>>>>>>>>>>>>>>>>>>>>>>>>>>>> Data Ingestion <<<<<<<<<<<<<<<<<<<<<<<<<<<<<<<<<<<<<<<<
[ 2023-03-21 18:12:44,533 ] 22 root - INFO - Exporting collection data as pandas dataframe
[ 2023-03-21 18:12:44,533 ] 19 root - INFO - Reading data from database: adult and collection: census
[ 2023-03-21 18:12:46,230 ] 21 root - INFO - Found columns: Index(['_id', 'age', 'workclass', 'fnlwgt', 'education', 'education-num',
       'marital-status', 'occupation', 'relationship', 'race', 'sex',
       'capital-gain', 'capital-loss', 'hours-per-week', 'country', 'salary'],
      dtype='object')
[ 2023-03-21 18:12:46,231 ] 23 root - INFO - Dropping column: _id 
[ 2023-03-21 18:12:46,286 ] 25 root - INFO - Row and columns in df: (32561, 15)
[ 2023-03-21 18:12:46,287 ] 28 root - INFO - Save data in feature store
[ 2023-03-21 18:12:47,446 ] 45 root - INFO - Create feature store folder if not available
[ 2023-03-21 18:12:47,448 ] 49 root - INFO - Save df to feature store folder
[ 2023-03-21 18:12:48,012 ] 54 root - INFO - split dataset into train and test set
[ 2023-03-21 18:12:48,060 ] 58 root - INFO - create dataset directory folder if not available
[ 2023-03-21 18:12:48,062 ] 63 root - INFO - Save df to feature store folder
[ 2023-03-21 18:12:48,540 ] 75 root - INFO - Data ingestion artifact: DataIngestionArtifact(feature_store_file_path='/config/workspace/artifact/03212023__181244/data_ingestion/feature_store/census.csv', train_file_path='/config/workspace/artifact/03212023__181244/data_ingestion/dataset/train.csv', test_file_path='/config/workspace/artifact/03212023__181244/data_ingestion/dataset/test.csv')
[ 2023-03-21 18:12:48,603 ] 21 root - INFO - >>>>>>>>>>>>>>>>>>>>>>>>>>>>>>>>>>>>>>>> Data Validation <<<<<<<<<<<<<<<<<<<<<<<<<<<<<<<<<<<<<<<<
[ 2023-03-21 18:12:48,604 ] 109 root - INFO - Reading base dataframe
[ 2023-03-21 18:12:48,855 ] 113 root - INFO - Replace na value in base df
[ 2023-03-21 18:12:48,856 ] 115 root - INFO - Drop null values colums from base df
[ 2023-03-21 18:12:48,937 ] 44 root - INFO - selecting column name which contains null above to 0.2
[ 2023-03-21 18:12:48,939 ] 47 root - INFO - Columns to drop: []
[ 2023-03-21 18:12:49,575 ] 130 root - INFO - Reading train dataframe
[ 2023-03-21 18:12:49,816 ] 139 root - INFO - Reading test dataframe
[ 2023-03-21 18:12:49,927 ] 147 root - INFO - Drop null values colums from train df
[ 2023-03-21 18:12:50,006 ] 44 root - INFO - selecting column name which contains null above to 0.2
[ 2023-03-21 18:12:50,009 ] 47 root - INFO - Columns to drop: []
[ 2023-03-21 18:12:50,020 ] 149 root - INFO - Drop null values colums from test df
[ 2023-03-21 18:12:50,042 ] 44 root - INFO - selecting column name which contains null above to 0.2
[ 2023-03-21 18:12:50,043 ] 47 root - INFO - Columns to drop: []
