[ 2023-03-21 19:15:13,451 ] 15 root - INFO - >>>>>>>>>>>>>>>>>>>>>>>>>>>>>>>>>>>>>>>> Data Ingestion <<<<<<<<<<<<<<<<<<<<<<<<<<<<<<<<<<<<<<<<
[ 2023-03-21 19:15:13,451 ] 22 root - INFO - Exporting collection data as pandas dataframe
[ 2023-03-21 19:15:13,451 ] 20 root - INFO - Reading data from database: adult and collection: census
[ 2023-03-21 19:15:14,849 ] 22 root - INFO - Found columns: Index(['_id', 'age', 'workclass', 'fnlwgt', 'education', 'education-num',
       'marital-status', 'occupation', 'relationship', 'race', 'sex',
       'capital-gain', 'capital-loss', 'hours-per-week', 'country', 'salary'],
      dtype='object')
[ 2023-03-21 19:15:14,850 ] 24 root - INFO - Dropping column: _id 
[ 2023-03-21 19:15:14,897 ] 26 root - INFO - Row and columns in df: (32561, 15)
[ 2023-03-21 19:15:14,897 ] 28 root - INFO - Save data in feature store
[ 2023-03-21 19:15:15,992 ] 45 root - INFO - Create feature store folder if not available
[ 2023-03-21 19:15:15,994 ] 49 root - INFO - Save df to feature store folder
[ 2023-03-21 19:15:16,648 ] 54 root - INFO - split dataset into train and test set
[ 2023-03-21 19:15:16,705 ] 58 root - INFO - create dataset directory folder if not available
[ 2023-03-21 19:15:16,705 ] 63 root - INFO - Save df to feature store folder
[ 2023-03-21 19:15:17,292 ] 75 root - INFO - Data ingestion artifact: DataIngestionArtifact(feature_store_file_path='/config/workspace/artifact/03212023__191513/data_ingestion/feature_store/census.csv', train_file_path='/config/workspace/artifact/03212023__191513/data_ingestion/dataset/train.csv', test_file_path='/config/workspace/artifact/03212023__191513/data_ingestion/dataset/test.csv')
[ 2023-03-21 19:15:17,361 ] 21 root - INFO - >>>>>>>>>>>>>>>>>>>>>>>>>>>>>>>>>>>>>>>> Data Validation <<<<<<<<<<<<<<<<<<<<<<<<<<<<<<<<<<<<<<<<
[ 2023-03-21 19:15:17,361 ] 109 root - INFO - Reading base dataframe
[ 2023-03-21 19:15:17,626 ] 113 root - INFO - Replace na value in base df
[ 2023-03-21 19:15:17,627 ] 115 root - INFO - Drop null values colums from base df
[ 2023-03-21 19:15:17,708 ] 44 root - INFO - selecting column name which contains null above to 0.2
[ 2023-03-21 19:15:17,710 ] 47 root - INFO - Columns to drop: []
[ 2023-03-21 19:15:18,698 ] 150 root - INFO - Reading train dataframe
[ 2023-03-21 19:15:19,050 ] 174 root - INFO - Reading test dataframe
[ 2023-03-21 19:15:19,173 ] 196 root - INFO - Drop null values colums from train df
[ 2023-03-21 19:15:19,179 ] 44 root - INFO - selecting column name which contains null above to 0.2
[ 2023-03-21 19:15:19,181 ] 47 root - INFO - Columns to drop: []
[ 2023-03-21 19:15:19,185 ] 198 root - INFO - Drop null values colums from test df
[ 2023-03-21 19:15:19,189 ] 44 root - INFO - selecting column name which contains null above to 0.2
[ 2023-03-21 19:15:19,190 ] 47 root - INFO - Columns to drop: []
[ 2023-03-21 19:15:19,258 ] 207 root - INFO - Is all required columns present in train df
[ 2023-03-21 19:15:19,259 ] 209 root - INFO - Is all required columns present in test df
[ 2023-03-21 19:15:19,259 ] 213 root - INFO - As all column are available in train df hence detecting data drift
[ 2023-03-21 19:15:19,260 ] 87 root - INFO - Hypothesis workclass: float64, float64 
[ 2023-03-21 19:15:19,315 ] 87 root - INFO - Hypothesis education: float64, float64 
[ 2023-03-21 19:15:19,379 ] 87 root - INFO - Hypothesis marital-status: float64, float64 
[ 2023-03-21 19:15:19,401 ] 87 root - INFO - Hypothesis occupation: float64, float64 
[ 2023-03-21 19:15:19,413 ] 87 root - INFO - Hypothesis relationship: float64, float64 
[ 2023-03-21 19:15:19,463 ] 87 root - INFO - Hypothesis race: float64, float64 
[ 2023-03-21 19:15:19,508 ] 87 root - INFO - Hypothesis sex: float64, float64 
[ 2023-03-21 19:15:19,558 ] 87 root - INFO - Hypothesis country: float64, float64 
[ 2023-03-21 19:15:19,605 ] 87 root - INFO - Hypothesis age: float64, float64 
[ 2023-03-21 19:15:19,618 ] 87 root - INFO - Hypothesis hours-per-week: float64, float64 
[ 2023-03-21 19:15:19,674 ] 216 root - INFO - As all column are available in test df hence detecting data drift
[ 2023-03-21 19:15:19,676 ] 87 root - INFO - Hypothesis workclass: float64, float64 
[ 2023-03-21 19:15:19,701 ] 87 root - INFO - Hypothesis education: float64, float64 
[ 2023-03-21 19:15:19,709 ] 87 root - INFO - Hypothesis marital-status: float64, float64 
[ 2023-03-21 19:15:19,717 ] 87 root - INFO - Hypothesis occupation: float64, float64 
[ 2023-03-21 19:15:19,737 ] 87 root - INFO - Hypothesis relationship: float64, float64 
[ 2023-03-21 19:15:19,745 ] 87 root - INFO - Hypothesis race: float64, float64 
[ 2023-03-21 19:15:19,765 ] 87 root - INFO - Hypothesis sex: float64, float64 
[ 2023-03-21 19:15:19,785 ] 87 root - INFO - Hypothesis country: float64, float64 
[ 2023-03-21 19:15:19,791 ] 87 root - INFO - Hypothesis age: float64, float64 
[ 2023-03-21 19:15:19,800 ] 87 root - INFO - Hypothesis hours-per-week: float64, float64 
[ 2023-03-21 19:15:19,807 ] 220 root - INFO - Write reprt in yaml file
[ 2023-03-21 19:15:19,822 ] 225 root - INFO - Data validation artifact: DataValidationArtifact(report_file_path='/config/workspace/artifact/03212023__191513/data_validation/report.yaml')
