[ 2023-03-23 13:37:33,155 ] 15 root - INFO - >>>>>>>>>>>>>>>>>>>>>>>>>>>>>>>>>>>>>>>> Data Ingestion <<<<<<<<<<<<<<<<<<<<<<<<<<<<<<<<<<<<<<<<
[ 2023-03-23 13:37:33,155 ] 22 root - INFO - Exporting collection data as pandas dataframe
[ 2023-03-23 13:37:33,155 ] 21 root - INFO - Reading data from database: adult and collection: census
[ 2023-03-23 13:37:33,885 ] 23 root - INFO - Found columns: Index(['_id', 'age', 'workclass', 'fnlwgt', 'education', 'education-num',
       'marital-status', 'occupation', 'relationship', 'race', 'sex',
       'capital-gain', 'capital-loss', 'hours-per-week', 'country', 'salary'],
      dtype='object')
[ 2023-03-23 13:37:33,886 ] 25 root - INFO - Dropping column: _id 
[ 2023-03-23 13:37:33,914 ] 27 root - INFO - Row and columns in df: (32561, 15)
[ 2023-03-23 13:37:33,914 ] 28 root - INFO - Save data in feature store
[ 2023-03-23 13:37:34,591 ] 45 root - INFO - Create feature store folder if not available
[ 2023-03-23 13:37:34,592 ] 49 root - INFO - Save df to feature store folder
[ 2023-03-23 13:37:34,988 ] 54 root - INFO - split dataset into train and test set
[ 2023-03-23 13:37:35,015 ] 58 root - INFO - create dataset directory folder if not available
[ 2023-03-23 13:37:35,015 ] 63 root - INFO - Save df to feature store folder
[ 2023-03-23 13:37:35,397 ] 75 root - INFO - Data ingestion artifact: DataIngestionArtifact(feature_store_file_path='/config/workspace/artifact/03232023__133733/data_ingestion/feature_store/census.csv', train_file_path='/config/workspace/artifact/03232023__133733/data_ingestion/dataset/train.csv', test_file_path='/config/workspace/artifact/03232023__133733/data_ingestion/dataset/test.csv')
[ 2023-03-23 13:37:35,434 ] 21 root - INFO - >>>>>>>>>>>>>>>>>>>>>>>>>>>>>>>>>>>>>>>> Data Validation <<<<<<<<<<<<<<<<<<<<<<<<<<<<<<<<<<<<<<<<
[ 2023-03-23 13:37:35,435 ] 109 root - INFO - Reading base dataframe
[ 2023-03-23 13:37:35,620 ] 113 root - INFO - Replace na value in base df
[ 2023-03-23 13:37:35,620 ] 115 root - INFO - Drop null values colums from base df
[ 2023-03-23 13:37:35,694 ] 44 root - INFO - selecting column name which contains null above to 0.2
[ 2023-03-23 13:37:35,695 ] 47 root - INFO - Columns to drop: []
[ 2023-03-23 13:37:36,341 ] 150 root - INFO - Reading train dataframe
[ 2023-03-23 13:37:36,594 ] 174 root - INFO - Reading test dataframe
[ 2023-03-23 13:37:36,680 ] 196 root - INFO - Drop null values colums from train df
[ 2023-03-23 13:37:36,683 ] 44 root - INFO - selecting column name which contains null above to 0.2
[ 2023-03-23 13:37:36,684 ] 47 root - INFO - Columns to drop: []
[ 2023-03-23 13:37:36,686 ] 198 root - INFO - Drop null values colums from test df
[ 2023-03-23 13:37:36,688 ] 44 root - INFO - selecting column name which contains null above to 0.2
[ 2023-03-23 13:37:36,689 ] 47 root - INFO - Columns to drop: []
[ 2023-03-23 13:37:36,716 ] 207 root - INFO - Is all required columns present in train df
[ 2023-03-23 13:37:36,716 ] 209 root - INFO - Is all required columns present in test df
[ 2023-03-23 13:37:36,716 ] 213 root - INFO - As all column are available in train df hence detecting data drift
[ 2023-03-23 13:37:36,717 ] 87 root - INFO - Hypothesis workclass: float64, float64 
[ 2023-03-23 13:37:36,759 ] 87 root - INFO - Hypothesis education: float64, float64 
[ 2023-03-23 13:37:36,800 ] 87 root - INFO - Hypothesis marital-status: float64, float64 
[ 2023-03-23 13:37:36,809 ] 87 root - INFO - Hypothesis occupation: float64, float64 
[ 2023-03-23 13:37:36,817 ] 87 root - INFO - Hypothesis relationship: float64, float64 
[ 2023-03-23 13:37:36,859 ] 87 root - INFO - Hypothesis race: float64, float64 
[ 2023-03-23 13:37:36,896 ] 87 root - INFO - Hypothesis sex: float64, float64 
[ 2023-03-23 13:37:36,934 ] 87 root - INFO - Hypothesis country: float64, float64 
[ 2023-03-23 13:37:36,973 ] 87 root - INFO - Hypothesis age: float64, float64 
[ 2023-03-23 13:37:36,982 ] 87 root - INFO - Hypothesis hours-per-week: float64, float64 
[ 2023-03-23 13:37:37,023 ] 216 root - INFO - As all column are available in test df hence detecting data drift
[ 2023-03-23 13:37:37,024 ] 87 root - INFO - Hypothesis workclass: float64, float64 
[ 2023-03-23 13:37:37,042 ] 87 root - INFO - Hypothesis education: float64, float64 
[ 2023-03-23 13:37:37,047 ] 87 root - INFO - Hypothesis marital-status: float64, float64 
[ 2023-03-23 13:37:37,053 ] 87 root - INFO - Hypothesis occupation: float64, float64 
[ 2023-03-23 13:37:37,066 ] 87 root - INFO - Hypothesis relationship: float64, float64 
[ 2023-03-23 13:37:37,071 ] 87 root - INFO - Hypothesis race: float64, float64 
[ 2023-03-23 13:37:37,088 ] 87 root - INFO - Hypothesis sex: float64, float64 
[ 2023-03-23 13:37:37,105 ] 87 root - INFO - Hypothesis country: float64, float64 
[ 2023-03-23 13:37:37,110 ] 87 root - INFO - Hypothesis age: float64, float64 
[ 2023-03-23 13:37:37,116 ] 87 root - INFO - Hypothesis hours-per-week: float64, float64 
[ 2023-03-23 13:37:37,122 ] 220 root - INFO - Write reprt in yaml file
[ 2023-03-23 13:37:37,132 ] 225 root - INFO - Data validation artifact: DataValidationArtifact(report_file_path='/config/workspace/artifact/03232023__133733/data_validation/report.yaml')
[ 2023-03-23 13:37:37,153 ] 21 root - INFO - >>>>>>>>>>>>>>>>>>>>>>>>>>>>>>>>>>>>>>>> Data Transformation <<<<<<<<<<<<<<<<<<<<<<<<<<<<<<<<<<<<<<<<
[ 2023-03-23 13:37:37,400 ] 106 root - INFO - Before resampling in training set Input: (24129, 10) Target:(24129,)
[ 2023-03-23 13:37:50,428 ] 108 root - INFO - After resampling in training set Input: (35178, 10) Target:(35178,)
[ 2023-03-23 13:37:50,429 ] 110 root - INFO - Before resampling in testing set Input: (6033, 10) Target:(6033,)
[ 2023-03-23 13:37:51,246 ] 112 root - INFO - After resampling in testing set Input: (8724, 10) Target:(8724,)
[ 2023-03-23 13:37:51,262 ] 51 root - INFO - Entered the save_object method of utils
[ 2023-03-23 13:37:51,266 ] 55 root - INFO - Exited the save_object method of utils
[ 2023-03-23 13:37:51,266 ] 51 root - INFO - Entered the save_object method of utils
[ 2023-03-23 13:37:51,267 ] 55 root - INFO - Exited the save_object method of utils
