[ 2023-03-23 13:34:56,014 ] 15 root - INFO - >>>>>>>>>>>>>>>>>>>>>>>>>>>>>>>>>>>>>>>> Data Ingestion <<<<<<<<<<<<<<<<<<<<<<<<<<<<<<<<<<<<<<<<
[ 2023-03-23 13:34:56,014 ] 22 root - INFO - Exporting collection data as pandas dataframe
[ 2023-03-23 13:34:56,014 ] 21 root - INFO - Reading data from database: adult and collection: census
[ 2023-03-23 13:34:56,771 ] 23 root - INFO - Found columns: Index(['_id', 'age', 'workclass', 'fnlwgt', 'education', 'education-num',
       'marital-status', 'occupation', 'relationship', 'race', 'sex',
       'capital-gain', 'capital-loss', 'hours-per-week', 'country', 'salary'],
      dtype='object')
[ 2023-03-23 13:34:56,772 ] 25 root - INFO - Dropping column: _id 
[ 2023-03-23 13:34:56,800 ] 27 root - INFO - Row and columns in df: (32561, 15)
[ 2023-03-23 13:34:56,801 ] 28 root - INFO - Save data in feature store
[ 2023-03-23 13:34:57,468 ] 45 root - INFO - Create feature store folder if not available
[ 2023-03-23 13:34:57,469 ] 49 root - INFO - Save df to feature store folder
[ 2023-03-23 13:34:57,858 ] 54 root - INFO - split dataset into train and test set
[ 2023-03-23 13:34:57,884 ] 58 root - INFO - create dataset directory folder if not available
[ 2023-03-23 13:34:57,885 ] 63 root - INFO - Save df to feature store folder
[ 2023-03-23 13:34:58,263 ] 75 root - INFO - Data ingestion artifact: DataIngestionArtifact(feature_store_file_path='/config/workspace/artifact/03232023__133456/data_ingestion/feature_store/census.csv', train_file_path='/config/workspace/artifact/03232023__133456/data_ingestion/dataset/train.csv', test_file_path='/config/workspace/artifact/03232023__133456/data_ingestion/dataset/test.csv')
[ 2023-03-23 13:34:58,302 ] 21 root - INFO - >>>>>>>>>>>>>>>>>>>>>>>>>>>>>>>>>>>>>>>> Data Validation <<<<<<<<<<<<<<<<<<<<<<<<<<<<<<<<<<<<<<<<
[ 2023-03-23 13:34:58,302 ] 109 root - INFO - Reading base dataframe
[ 2023-03-23 13:34:58,493 ] 113 root - INFO - Replace na value in base df
[ 2023-03-23 13:34:58,494 ] 115 root - INFO - Drop null values colums from base df
[ 2023-03-23 13:34:58,569 ] 44 root - INFO - selecting column name which contains null above to 0.2
[ 2023-03-23 13:34:58,570 ] 47 root - INFO - Columns to drop: []
[ 2023-03-23 13:34:59,212 ] 150 root - INFO - Reading train dataframe
[ 2023-03-23 13:34:59,475 ] 174 root - INFO - Reading test dataframe
[ 2023-03-23 13:34:59,564 ] 196 root - INFO - Drop null values colums from train df
[ 2023-03-23 13:34:59,567 ] 44 root - INFO - selecting column name which contains null above to 0.2
[ 2023-03-23 13:34:59,567 ] 47 root - INFO - Columns to drop: []
[ 2023-03-23 13:34:59,570 ] 198 root - INFO - Drop null values colums from test df
[ 2023-03-23 13:34:59,572 ] 44 root - INFO - selecting column name which contains null above to 0.2
[ 2023-03-23 13:34:59,573 ] 47 root - INFO - Columns to drop: []
[ 2023-03-23 13:34:59,599 ] 207 root - INFO - Is all required columns present in train df
[ 2023-03-23 13:34:59,600 ] 209 root - INFO - Is all required columns present in test df
[ 2023-03-23 13:34:59,600 ] 213 root - INFO - As all column are available in train df hence detecting data drift
[ 2023-03-23 13:34:59,600 ] 87 root - INFO - Hypothesis workclass: float64, float64 
[ 2023-03-23 13:34:59,642 ] 87 root - INFO - Hypothesis education: float64, float64 
[ 2023-03-23 13:34:59,684 ] 87 root - INFO - Hypothesis marital-status: float64, float64 
[ 2023-03-23 13:34:59,692 ] 87 root - INFO - Hypothesis occupation: float64, float64 
[ 2023-03-23 13:34:59,700 ] 87 root - INFO - Hypothesis relationship: float64, float64 
[ 2023-03-23 13:34:59,742 ] 87 root - INFO - Hypothesis race: float64, float64 
[ 2023-03-23 13:34:59,780 ] 87 root - INFO - Hypothesis sex: float64, float64 
[ 2023-03-23 13:34:59,818 ] 87 root - INFO - Hypothesis country: float64, float64 
[ 2023-03-23 13:34:59,857 ] 87 root - INFO - Hypothesis age: float64, float64 
[ 2023-03-23 13:34:59,867 ] 87 root - INFO - Hypothesis hours-per-week: float64, float64 
[ 2023-03-23 13:34:59,907 ] 216 root - INFO - As all column are available in test df hence detecting data drift
[ 2023-03-23 13:34:59,908 ] 87 root - INFO - Hypothesis workclass: float64, float64 
[ 2023-03-23 13:34:59,926 ] 87 root - INFO - Hypothesis education: float64, float64 
[ 2023-03-23 13:34:59,932 ] 87 root - INFO - Hypothesis marital-status: float64, float64 
[ 2023-03-23 13:34:59,937 ] 87 root - INFO - Hypothesis occupation: float64, float64 
[ 2023-03-23 13:34:59,956 ] 87 root - INFO - Hypothesis relationship: float64, float64 
[ 2023-03-23 13:34:59,964 ] 87 root - INFO - Hypothesis race: float64, float64 
[ 2023-03-23 13:34:59,980 ] 87 root - INFO - Hypothesis sex: float64, float64 
[ 2023-03-23 13:34:59,998 ] 87 root - INFO - Hypothesis country: float64, float64 
[ 2023-03-23 13:35:00,002 ] 87 root - INFO - Hypothesis age: float64, float64 
[ 2023-03-23 13:35:00,009 ] 87 root - INFO - Hypothesis hours-per-week: float64, float64 
[ 2023-03-23 13:35:00,015 ] 220 root - INFO - Write reprt in yaml file
[ 2023-03-23 13:35:00,027 ] 225 root - INFO - Data validation artifact: DataValidationArtifact(report_file_path='/config/workspace/artifact/03232023__133456/data_validation/report.yaml')
[ 2023-03-23 13:35:00,056 ] 21 root - INFO - >>>>>>>>>>>>>>>>>>>>>>>>>>>>>>>>>>>>>>>> Data Transformation <<<<<<<<<<<<<<<<<<<<<<<<<<<<<<<<<<<<<<<<
