[ 2023-03-23 13:12:51,316 ] 15 root - INFO - >>>>>>>>>>>>>>>>>>>>>>>>>>>>>>>>>>>>>>>> Data Ingestion <<<<<<<<<<<<<<<<<<<<<<<<<<<<<<<<<<<<<<<<
[ 2023-03-23 13:12:51,317 ] 22 root - INFO - Exporting collection data as pandas dataframe
[ 2023-03-23 13:12:51,317 ] 21 root - INFO - Reading data from database: adult and collection: census
[ 2023-03-23 13:12:52,059 ] 23 root - INFO - Found columns: Index(['_id', 'age', 'workclass', 'fnlwgt', 'education', 'education-num',
       'marital-status', 'occupation', 'relationship', 'race', 'sex',
       'capital-gain', 'capital-loss', 'hours-per-week', 'country', 'salary'],
      dtype='object')
[ 2023-03-23 13:12:52,060 ] 25 root - INFO - Dropping column: _id 
[ 2023-03-23 13:12:52,087 ] 27 root - INFO - Row and columns in df: (32561, 15)
[ 2023-03-23 13:12:52,088 ] 28 root - INFO - Save data in feature store
[ 2023-03-23 13:12:52,760 ] 45 root - INFO - Create feature store folder if not available
[ 2023-03-23 13:12:52,761 ] 49 root - INFO - Save df to feature store folder
[ 2023-03-23 13:12:53,147 ] 54 root - INFO - split dataset into train and test set
[ 2023-03-23 13:12:53,174 ] 58 root - INFO - create dataset directory folder if not available
[ 2023-03-23 13:12:53,175 ] 63 root - INFO - Save df to feature store folder
[ 2023-03-23 13:12:53,549 ] 75 root - INFO - Data ingestion artifact: DataIngestionArtifact(feature_store_file_path='/config/workspace/artifact/03232023__131251/data_ingestion/feature_store/census.csv', train_file_path='/config/workspace/artifact/03232023__131251/data_ingestion/dataset/train.csv', test_file_path='/config/workspace/artifact/03232023__131251/data_ingestion/dataset/test.csv')
[ 2023-03-23 13:12:53,587 ] 21 root - INFO - >>>>>>>>>>>>>>>>>>>>>>>>>>>>>>>>>>>>>>>> Data Validation <<<<<<<<<<<<<<<<<<<<<<<<<<<<<<<<<<<<<<<<
[ 2023-03-23 13:12:53,588 ] 109 root - INFO - Reading base dataframe
[ 2023-03-23 13:12:53,774 ] 113 root - INFO - Replace na value in base df
[ 2023-03-23 13:12:53,775 ] 115 root - INFO - Drop null values colums from base df
[ 2023-03-23 13:12:53,847 ] 44 root - INFO - selecting column name which contains null above to 0.2
[ 2023-03-23 13:12:53,849 ] 47 root - INFO - Columns to drop: []
[ 2023-03-23 13:12:54,498 ] 150 root - INFO - Reading train dataframe
[ 2023-03-23 13:12:54,752 ] 174 root - INFO - Reading test dataframe
[ 2023-03-23 13:12:54,838 ] 196 root - INFO - Drop null values colums from train df
[ 2023-03-23 13:12:54,840 ] 44 root - INFO - selecting column name which contains null above to 0.2
[ 2023-03-23 13:12:54,841 ] 47 root - INFO - Columns to drop: []
[ 2023-03-23 13:12:54,843 ] 198 root - INFO - Drop null values colums from test df
[ 2023-03-23 13:12:54,846 ] 44 root - INFO - selecting column name which contains null above to 0.2
[ 2023-03-23 13:12:54,846 ] 47 root - INFO - Columns to drop: []
[ 2023-03-23 13:12:54,872 ] 207 root - INFO - Is all required columns present in train df
[ 2023-03-23 13:12:54,873 ] 209 root - INFO - Is all required columns present in test df
[ 2023-03-23 13:12:54,873 ] 213 root - INFO - As all column are available in train df hence detecting data drift
[ 2023-03-23 13:12:54,873 ] 87 root - INFO - Hypothesis workclass: float64, float64 
[ 2023-03-23 13:12:54,914 ] 87 root - INFO - Hypothesis education: float64, float64 
[ 2023-03-23 13:12:54,955 ] 87 root - INFO - Hypothesis marital-status: float64, float64 
[ 2023-03-23 13:12:54,963 ] 87 root - INFO - Hypothesis occupation: float64, float64 
[ 2023-03-23 13:12:54,972 ] 87 root - INFO - Hypothesis relationship: float64, float64 
[ 2023-03-23 13:12:55,012 ] 87 root - INFO - Hypothesis race: float64, float64 
[ 2023-03-23 13:12:55,049 ] 87 root - INFO - Hypothesis sex: float64, float64 
[ 2023-03-23 13:12:55,087 ] 87 root - INFO - Hypothesis country: float64, float64 
[ 2023-03-23 13:12:55,126 ] 87 root - INFO - Hypothesis age: float64, float64 
[ 2023-03-23 13:12:55,135 ] 87 root - INFO - Hypothesis hours-per-week: float64, float64 
[ 2023-03-23 13:12:55,177 ] 216 root - INFO - As all column are available in test df hence detecting data drift
[ 2023-03-23 13:12:55,177 ] 87 root - INFO - Hypothesis workclass: float64, float64 
[ 2023-03-23 13:12:55,195 ] 87 root - INFO - Hypothesis education: float64, float64 
[ 2023-03-23 13:12:55,201 ] 87 root - INFO - Hypothesis marital-status: float64, float64 
[ 2023-03-23 13:12:55,207 ] 87 root - INFO - Hypothesis occupation: float64, float64 
[ 2023-03-23 13:12:55,225 ] 87 root - INFO - Hypothesis relationship: float64, float64 
[ 2023-03-23 13:12:55,232 ] 87 root - INFO - Hypothesis race: float64, float64 
[ 2023-03-23 13:12:55,250 ] 87 root - INFO - Hypothesis sex: float64, float64 
[ 2023-03-23 13:12:55,267 ] 87 root - INFO - Hypothesis country: float64, float64 
[ 2023-03-23 13:12:55,271 ] 87 root - INFO - Hypothesis age: float64, float64 
[ 2023-03-23 13:12:55,278 ] 87 root - INFO - Hypothesis hours-per-week: float64, float64 
[ 2023-03-23 13:12:55,283 ] 220 root - INFO - Write reprt in yaml file
[ 2023-03-23 13:12:55,295 ] 225 root - INFO - Data validation artifact: DataValidationArtifact(report_file_path='/config/workspace/artifact/03232023__131251/data_validation/report.yaml')
[ 2023-03-23 13:12:55,323 ] 21 root - INFO - >>>>>>>>>>>>>>>>>>>>>>>>>>>>>>>>>>>>>>>> Data Transformation <<<<<<<<<<<<<<<<<<<<<<<<<<<<<<<<<<<<<<<<
