[ 2023-03-23 13:35:55,693 ] 15 root - INFO - >>>>>>>>>>>>>>>>>>>>>>>>>>>>>>>>>>>>>>>> Data Ingestion <<<<<<<<<<<<<<<<<<<<<<<<<<<<<<<<<<<<<<<<
[ 2023-03-23 13:35:55,693 ] 22 root - INFO - Exporting collection data as pandas dataframe
[ 2023-03-23 13:35:55,693 ] 21 root - INFO - Reading data from database: adult and collection: census
[ 2023-03-23 13:35:56,423 ] 23 root - INFO - Found columns: Index(['_id', 'age', 'workclass', 'fnlwgt', 'education', 'education-num',
       'marital-status', 'occupation', 'relationship', 'race', 'sex',
       'capital-gain', 'capital-loss', 'hours-per-week', 'country', 'salary'],
      dtype='object')
[ 2023-03-23 13:35:56,423 ] 25 root - INFO - Dropping column: _id 
[ 2023-03-23 13:35:56,452 ] 27 root - INFO - Row and columns in df: (32561, 15)
[ 2023-03-23 13:35:56,452 ] 28 root - INFO - Save data in feature store
[ 2023-03-23 13:35:57,117 ] 45 root - INFO - Create feature store folder if not available
[ 2023-03-23 13:35:57,118 ] 49 root - INFO - Save df to feature store folder
[ 2023-03-23 13:35:57,517 ] 54 root - INFO - split dataset into train and test set
[ 2023-03-23 13:35:57,544 ] 58 root - INFO - create dataset directory folder if not available
[ 2023-03-23 13:35:57,544 ] 63 root - INFO - Save df to feature store folder
[ 2023-03-23 13:35:57,930 ] 75 root - INFO - Data ingestion artifact: DataIngestionArtifact(feature_store_file_path='/config/workspace/artifact/03232023__133555/data_ingestion/feature_store/census.csv', train_file_path='/config/workspace/artifact/03232023__133555/data_ingestion/dataset/train.csv', test_file_path='/config/workspace/artifact/03232023__133555/data_ingestion/dataset/test.csv')
[ 2023-03-23 13:35:57,970 ] 21 root - INFO - >>>>>>>>>>>>>>>>>>>>>>>>>>>>>>>>>>>>>>>> Data Validation <<<<<<<<<<<<<<<<<<<<<<<<<<<<<<<<<<<<<<<<
[ 2023-03-23 13:35:57,970 ] 109 root - INFO - Reading base dataframe
[ 2023-03-23 13:35:58,157 ] 113 root - INFO - Replace na value in base df
[ 2023-03-23 13:35:58,157 ] 115 root - INFO - Drop null values colums from base df
[ 2023-03-23 13:35:58,229 ] 44 root - INFO - selecting column name which contains null above to 0.2
[ 2023-03-23 13:35:58,230 ] 47 root - INFO - Columns to drop: []
[ 2023-03-23 13:35:58,859 ] 150 root - INFO - Reading train dataframe
[ 2023-03-23 13:35:59,115 ] 174 root - INFO - Reading test dataframe
[ 2023-03-23 13:35:59,199 ] 196 root - INFO - Drop null values colums from train df
[ 2023-03-23 13:35:59,202 ] 44 root - INFO - selecting column name which contains null above to 0.2
[ 2023-03-23 13:35:59,203 ] 47 root - INFO - Columns to drop: []
[ 2023-03-23 13:35:59,205 ] 198 root - INFO - Drop null values colums from test df
[ 2023-03-23 13:35:59,207 ] 44 root - INFO - selecting column name which contains null above to 0.2
[ 2023-03-23 13:35:59,208 ] 47 root - INFO - Columns to drop: []
[ 2023-03-23 13:35:59,235 ] 207 root - INFO - Is all required columns present in train df
[ 2023-03-23 13:35:59,236 ] 209 root - INFO - Is all required columns present in test df
[ 2023-03-23 13:35:59,236 ] 213 root - INFO - As all column are available in train df hence detecting data drift
[ 2023-03-23 13:35:59,236 ] 87 root - INFO - Hypothesis workclass: float64, float64 
[ 2023-03-23 13:35:59,279 ] 87 root - INFO - Hypothesis education: float64, float64 
[ 2023-03-23 13:35:59,321 ] 87 root - INFO - Hypothesis marital-status: float64, float64 
[ 2023-03-23 13:35:59,329 ] 87 root - INFO - Hypothesis occupation: float64, float64 
[ 2023-03-23 13:35:59,338 ] 87 root - INFO - Hypothesis relationship: float64, float64 
[ 2023-03-23 13:35:59,380 ] 87 root - INFO - Hypothesis race: float64, float64 
[ 2023-03-23 13:35:59,419 ] 87 root - INFO - Hypothesis sex: float64, float64 
[ 2023-03-23 13:35:59,458 ] 87 root - INFO - Hypothesis country: float64, float64 
[ 2023-03-23 13:35:59,498 ] 87 root - INFO - Hypothesis age: float64, float64 
[ 2023-03-23 13:35:59,507 ] 87 root - INFO - Hypothesis hours-per-week: float64, float64 
[ 2023-03-23 13:35:59,549 ] 216 root - INFO - As all column are available in test df hence detecting data drift
[ 2023-03-23 13:35:59,550 ] 87 root - INFO - Hypothesis workclass: float64, float64 
[ 2023-03-23 13:35:59,568 ] 87 root - INFO - Hypothesis education: float64, float64 
[ 2023-03-23 13:35:59,574 ] 87 root - INFO - Hypothesis marital-status: float64, float64 
[ 2023-03-23 13:35:59,580 ] 87 root - INFO - Hypothesis occupation: float64, float64 
[ 2023-03-23 13:35:59,593 ] 87 root - INFO - Hypothesis relationship: float64, float64 
[ 2023-03-23 13:35:59,598 ] 87 root - INFO - Hypothesis race: float64, float64 
[ 2023-03-23 13:35:59,616 ] 87 root - INFO - Hypothesis sex: float64, float64 
[ 2023-03-23 13:35:59,634 ] 87 root - INFO - Hypothesis country: float64, float64 
[ 2023-03-23 13:35:59,638 ] 87 root - INFO - Hypothesis age: float64, float64 
[ 2023-03-23 13:35:59,645 ] 87 root - INFO - Hypothesis hours-per-week: float64, float64 
[ 2023-03-23 13:35:59,650 ] 220 root - INFO - Write reprt in yaml file
[ 2023-03-23 13:35:59,667 ] 225 root - INFO - Data validation artifact: DataValidationArtifact(report_file_path='/config/workspace/artifact/03232023__133555/data_validation/report.yaml')
[ 2023-03-23 13:35:59,695 ] 21 root - INFO - >>>>>>>>>>>>>>>>>>>>>>>>>>>>>>>>>>>>>>>> Data Transformation <<<<<<<<<<<<<<<<<<<<<<<<<<<<<<<<<<<<<<<<
[ 2023-03-23 13:35:59,948 ] 106 root - INFO - Before resampling in training set Input: (24129, 10) Target:(24129,)
[ 2023-03-23 13:36:12,945 ] 108 root - INFO - After resampling in training set Input: (35178, 10) Target:(35178,)
[ 2023-03-23 13:36:12,946 ] 110 root - INFO - Before resampling in testing set Input: (6033, 10) Target:(6033,)
[ 2023-03-23 13:36:13,764 ] 112 root - INFO - After resampling in testing set Input: (8724, 10) Target:(8724,)
[ 2023-03-23 13:36:13,778 ] 51 root - INFO - Entered the save_object method of utils
[ 2023-03-23 13:36:13,782 ] 55 root - INFO - Exited the save_object method of utils
