[ 2023-03-23 14:20:20,773 ] 15 root - INFO - >>>>>>>>>>>>>>>>>>>>>>>>>>>>>>>>>>>>>>>> Data Ingestion <<<<<<<<<<<<<<<<<<<<<<<<<<<<<<<<<<<<<<<<
[ 2023-03-23 14:20:20,774 ] 22 root - INFO - Exporting collection data as pandas dataframe
[ 2023-03-23 14:20:20,774 ] 21 root - INFO - Reading data from database: adult and collection: census
[ 2023-03-23 14:20:21,506 ] 23 root - INFO - Found columns: Index(['_id', 'age', 'workclass', 'fnlwgt', 'education', 'education-num',
       'marital-status', 'occupation', 'relationship', 'race', 'sex',
       'capital-gain', 'capital-loss', 'hours-per-week', 'country', 'salary'],
      dtype='object')
[ 2023-03-23 14:20:21,507 ] 25 root - INFO - Dropping column: _id 
[ 2023-03-23 14:20:21,536 ] 27 root - INFO - Row and columns in df: (32561, 15)
[ 2023-03-23 14:20:21,536 ] 28 root - INFO - Save data in feature store
[ 2023-03-23 14:20:22,207 ] 45 root - INFO - Create feature store folder if not available
[ 2023-03-23 14:20:22,208 ] 49 root - INFO - Save df to feature store folder
[ 2023-03-23 14:20:22,594 ] 54 root - INFO - split dataset into train and test set
[ 2023-03-23 14:20:22,622 ] 58 root - INFO - create dataset directory folder if not available
[ 2023-03-23 14:20:22,622 ] 63 root - INFO - Save df to feature store folder
[ 2023-03-23 14:20:22,999 ] 75 root - INFO - Data ingestion artifact: DataIngestionArtifact(feature_store_file_path='/config/workspace/artifact/03232023__142020/data_ingestion/feature_store/census.csv', train_file_path='/config/workspace/artifact/03232023__142020/data_ingestion/dataset/train.csv', test_file_path='/config/workspace/artifact/03232023__142020/data_ingestion/dataset/test.csv')
[ 2023-03-23 14:20:23,036 ] 21 root - INFO - >>>>>>>>>>>>>>>>>>>>>>>>>>>>>>>>>>>>>>>> Data Validation <<<<<<<<<<<<<<<<<<<<<<<<<<<<<<<<<<<<<<<<
[ 2023-03-23 14:20:23,037 ] 109 root - INFO - Reading base dataframe
[ 2023-03-23 14:20:23,222 ] 113 root - INFO - Replace na value in base df
[ 2023-03-23 14:20:23,222 ] 115 root - INFO - Drop null values colums from base df
[ 2023-03-23 14:20:23,295 ] 44 root - INFO - selecting column name which contains null above to 0.2
[ 2023-03-23 14:20:23,296 ] 47 root - INFO - Columns to drop: []
[ 2023-03-23 14:20:23,936 ] 150 root - INFO - Reading train dataframe
[ 2023-03-23 14:20:24,195 ] 174 root - INFO - Reading test dataframe
[ 2023-03-23 14:20:24,281 ] 196 root - INFO - Drop null values colums from train df
[ 2023-03-23 14:20:24,284 ] 44 root - INFO - selecting column name which contains null above to 0.2
[ 2023-03-23 14:20:24,285 ] 47 root - INFO - Columns to drop: []
[ 2023-03-23 14:20:24,287 ] 198 root - INFO - Drop null values colums from test df
[ 2023-03-23 14:20:24,289 ] 44 root - INFO - selecting column name which contains null above to 0.2
[ 2023-03-23 14:20:24,290 ] 47 root - INFO - Columns to drop: []
[ 2023-03-23 14:20:24,317 ] 207 root - INFO - Is all required columns present in train df
[ 2023-03-23 14:20:24,317 ] 209 root - INFO - Is all required columns present in test df
[ 2023-03-23 14:20:24,317 ] 213 root - INFO - As all column are available in train df hence detecting data drift
[ 2023-03-23 14:20:24,318 ] 87 root - INFO - Hypothesis workclass: float64, float64 
[ 2023-03-23 14:20:24,360 ] 87 root - INFO - Hypothesis education: float64, float64 
[ 2023-03-23 14:20:24,402 ] 87 root - INFO - Hypothesis marital-status: float64, float64 
[ 2023-03-23 14:20:24,411 ] 87 root - INFO - Hypothesis occupation: float64, float64 
[ 2023-03-23 14:20:24,419 ] 87 root - INFO - Hypothesis relationship: float64, float64 
[ 2023-03-23 14:20:24,461 ] 87 root - INFO - Hypothesis race: float64, float64 
[ 2023-03-23 14:20:24,500 ] 87 root - INFO - Hypothesis sex: float64, float64 
[ 2023-03-23 14:20:24,538 ] 87 root - INFO - Hypothesis country: float64, float64 
[ 2023-03-23 14:20:24,578 ] 87 root - INFO - Hypothesis age: float64, float64 
[ 2023-03-23 14:20:24,587 ] 87 root - INFO - Hypothesis hours-per-week: float64, float64 
[ 2023-03-23 14:20:24,629 ] 216 root - INFO - As all column are available in test df hence detecting data drift
[ 2023-03-23 14:20:24,630 ] 87 root - INFO - Hypothesis workclass: float64, float64 
[ 2023-03-23 14:20:24,648 ] 87 root - INFO - Hypothesis education: float64, float64 
[ 2023-03-23 14:20:24,654 ] 87 root - INFO - Hypothesis marital-status: float64, float64 
[ 2023-03-23 14:20:24,659 ] 87 root - INFO - Hypothesis occupation: float64, float64 
[ 2023-03-23 14:20:24,672 ] 87 root - INFO - Hypothesis relationship: float64, float64 
[ 2023-03-23 14:20:24,678 ] 87 root - INFO - Hypothesis race: float64, float64 
[ 2023-03-23 14:20:24,702 ] 87 root - INFO - Hypothesis sex: float64, float64 
[ 2023-03-23 14:20:24,721 ] 87 root - INFO - Hypothesis country: float64, float64 
[ 2023-03-23 14:20:24,725 ] 87 root - INFO - Hypothesis age: float64, float64 
[ 2023-03-23 14:20:24,732 ] 87 root - INFO - Hypothesis hours-per-week: float64, float64 
[ 2023-03-23 14:20:24,738 ] 220 root - INFO - Write reprt in yaml file
[ 2023-03-23 14:20:24,749 ] 225 root - INFO - Data validation artifact: DataValidationArtifact(report_file_path='/config/workspace/artifact/03232023__142020/data_validation/report.yaml')
[ 2023-03-23 14:20:24,773 ] 21 root - INFO - >>>>>>>>>>>>>>>>>>>>>>>>>>>>>>>>>>>>>>>> Data Transformation <<<<<<<<<<<<<<<<<<<<<<<<<<<<<<<<<<<<<<<<
