[ 2023-03-23 16:24:20,205 ] 15 root - INFO - >>>>>>>>>>>>>>>>>>>>>>>>>>>>>>>>>>>>>>>> Data Ingestion <<<<<<<<<<<<<<<<<<<<<<<<<<<<<<<<<<<<<<<<
[ 2023-03-23 16:24:20,206 ] 22 root - INFO - Exporting collection data as pandas dataframe
[ 2023-03-23 16:24:20,206 ] 21 root - INFO - Reading data from database: adult and collection: census
[ 2023-03-23 16:24:21,095 ] 23 root - INFO - Found columns: Index(['_id', 'age', 'workclass', 'fnlwgt', 'education', 'education-num',
       'marital-status', 'occupation', 'relationship', 'race', 'sex',
       'capital-gain', 'capital-loss', 'hours-per-week', 'country', 'salary'],
      dtype='object')
[ 2023-03-23 16:24:21,095 ] 25 root - INFO - Dropping column: _id 
[ 2023-03-23 16:24:21,122 ] 27 root - INFO - Row and columns in df: (32561, 15)
[ 2023-03-23 16:24:21,123 ] 28 root - INFO - Save data in feature store
[ 2023-03-23 16:24:21,789 ] 45 root - INFO - Create feature store folder if not available
[ 2023-03-23 16:24:21,790 ] 49 root - INFO - Save df to feature store folder
[ 2023-03-23 16:24:22,185 ] 54 root - INFO - split dataset into train and test set
[ 2023-03-23 16:24:22,212 ] 58 root - INFO - create dataset directory folder if not available
[ 2023-03-23 16:24:22,212 ] 63 root - INFO - Save df to feature store folder
[ 2023-03-23 16:24:22,603 ] 75 root - INFO - Data ingestion artifact: DataIngestionArtifact(feature_store_file_path='/config/workspace/artifact/03232023__162420/data_ingestion/feature_store/census.csv', train_file_path='/config/workspace/artifact/03232023__162420/data_ingestion/dataset/train.csv', test_file_path='/config/workspace/artifact/03232023__162420/data_ingestion/dataset/test.csv')
[ 2023-03-23 16:24:22,642 ] 21 root - INFO - >>>>>>>>>>>>>>>>>>>>>>>>>>>>>>>>>>>>>>>> Data Validation <<<<<<<<<<<<<<<<<<<<<<<<<<<<<<<<<<<<<<<<
[ 2023-03-23 16:24:22,642 ] 109 root - INFO - Reading base dataframe
[ 2023-03-23 16:24:22,826 ] 113 root - INFO - Replace na value in base df
[ 2023-03-23 16:24:22,826 ] 115 root - INFO - Drop null values colums from base df
[ 2023-03-23 16:24:22,898 ] 44 root - INFO - selecting column name which contains null above to 0.2
[ 2023-03-23 16:24:22,899 ] 47 root - INFO - Columns to drop: []
[ 2023-03-23 16:24:23,529 ] 150 root - INFO - Reading train dataframe
[ 2023-03-23 16:24:23,781 ] 174 root - INFO - Reading test dataframe
[ 2023-03-23 16:24:23,865 ] 196 root - INFO - Drop null values colums from train df
[ 2023-03-23 16:24:23,867 ] 44 root - INFO - selecting column name which contains null above to 0.2
[ 2023-03-23 16:24:23,868 ] 47 root - INFO - Columns to drop: []
[ 2023-03-23 16:24:23,871 ] 198 root - INFO - Drop null values colums from test df
[ 2023-03-23 16:24:23,873 ] 44 root - INFO - selecting column name which contains null above to 0.2
[ 2023-03-23 16:24:23,874 ] 47 root - INFO - Columns to drop: []
[ 2023-03-23 16:24:23,899 ] 207 root - INFO - Is all required columns present in train df
[ 2023-03-23 16:24:23,900 ] 209 root - INFO - Is all required columns present in test df
[ 2023-03-23 16:24:23,900 ] 213 root - INFO - As all column are available in train df hence detecting data drift
[ 2023-03-23 16:24:23,900 ] 87 root - INFO - Hypothesis workclass: float64, float64 
[ 2023-03-23 16:24:23,944 ] 87 root - INFO - Hypothesis education: float64, float64 
[ 2023-03-23 16:24:23,986 ] 87 root - INFO - Hypothesis marital-status: float64, float64 
[ 2023-03-23 16:24:23,994 ] 87 root - INFO - Hypothesis occupation: float64, float64 
[ 2023-03-23 16:24:24,003 ] 87 root - INFO - Hypothesis relationship: float64, float64 
[ 2023-03-23 16:24:24,045 ] 87 root - INFO - Hypothesis race: float64, float64 
[ 2023-03-23 16:24:24,084 ] 87 root - INFO - Hypothesis sex: float64, float64 
[ 2023-03-23 16:24:24,123 ] 87 root - INFO - Hypothesis country: float64, float64 
[ 2023-03-23 16:24:24,163 ] 87 root - INFO - Hypothesis age: float64, float64 
[ 2023-03-23 16:24:24,172 ] 87 root - INFO - Hypothesis hours-per-week: float64, float64 
[ 2023-03-23 16:24:24,213 ] 216 root - INFO - As all column are available in test df hence detecting data drift
[ 2023-03-23 16:24:24,214 ] 87 root - INFO - Hypothesis workclass: float64, float64 
[ 2023-03-23 16:24:24,232 ] 87 root - INFO - Hypothesis education: float64, float64 
[ 2023-03-23 16:24:24,238 ] 87 root - INFO - Hypothesis marital-status: float64, float64 
[ 2023-03-23 16:24:24,243 ] 87 root - INFO - Hypothesis occupation: float64, float64 
[ 2023-03-23 16:24:24,256 ] 87 root - INFO - Hypothesis relationship: float64, float64 
[ 2023-03-23 16:24:24,262 ] 87 root - INFO - Hypothesis race: float64, float64 
[ 2023-03-23 16:24:24,280 ] 87 root - INFO - Hypothesis sex: float64, float64 
[ 2023-03-23 16:24:24,297 ] 87 root - INFO - Hypothesis country: float64, float64 
[ 2023-03-23 16:24:24,301 ] 87 root - INFO - Hypothesis age: float64, float64 
[ 2023-03-23 16:24:24,308 ] 87 root - INFO - Hypothesis hours-per-week: float64, float64 
[ 2023-03-23 16:24:24,314 ] 220 root - INFO - Write reprt in yaml file
[ 2023-03-23 16:24:24,324 ] 225 root - INFO - Data validation artifact: DataValidationArtifact(report_file_path='/config/workspace/artifact/03232023__162420/data_validation/report.yaml')
[ 2023-03-23 16:24:24,344 ] 21 root - INFO - >>>>>>>>>>>>>>>>>>>>>>>>>>>>>>>>>>>>>>>> Data Transformation <<<<<<<<<<<<<<<<<<<<<<<<<<<<<<<<<<<<<<<<
[ 2023-03-23 16:24:24,583 ] 104 root - INFO - Before resampling in training set Input: (24129, 10) Target:(24129,)
[ 2023-03-23 16:24:38,042 ] 106 root - INFO - After resampling in training set Input: (35178, 10) Target:(35178,)
[ 2023-03-23 16:24:38,042 ] 108 root - INFO - Before resampling in testing set Input: (6033, 10) Target:(6033,)
[ 2023-03-23 16:24:38,861 ] 110 root - INFO - After resampling in testing set Input: (8724, 10) Target:(8724,)
[ 2023-03-23 16:24:38,875 ] 51 root - INFO - Entered the save_object method of utils
[ 2023-03-23 16:24:38,879 ] 55 root - INFO - Exited the save_object method of utils
[ 2023-03-23 16:24:38,879 ] 51 root - INFO - Entered the save_object method of utils
[ 2023-03-23 16:24:38,880 ] 55 root - INFO - Exited the save_object method of utils
[ 2023-03-23 16:24:38,880 ] 51 root - INFO - Entered the save_object method of utils
[ 2023-03-23 16:24:38,883 ] 55 root - INFO - Exited the save_object method of utils
[ 2023-03-23 16:24:38,884 ] 141 root - INFO - Data transformation object DataTransformationArtifact(transform_object_path='/config/workspace/artifact/03232023__162420/data_transformation/transformer/transformer.pkl', transformed_train_path='/config/workspace/artifact/03232023__162420/data_transformation/transformed/train.npz', transformed_test_path='/config/workspace/artifact/03232023__162420/data_transformation/transformed/test.npz', target_encoder_path='/config/workspace/artifact/03232023__162420/data_transformation/target_encoder/target_encoder.pkl', input_feature_encoder_path='/config/workspace/artifact/03232023__162420/data_transformation/input_feature_encoder/input_target_encoder.pkl')
