[ 2023-03-23 13:11:14,041 ] 15 root - INFO - >>>>>>>>>>>>>>>>>>>>>>>>>>>>>>>>>>>>>>>> Data Ingestion <<<<<<<<<<<<<<<<<<<<<<<<<<<<<<<<<<<<<<<<
[ 2023-03-23 13:11:14,041 ] 22 root - INFO - Exporting collection data as pandas dataframe
[ 2023-03-23 13:11:14,042 ] 21 root - INFO - Reading data from database: adult and collection: census
[ 2023-03-23 13:11:14,780 ] 23 root - INFO - Found columns: Index(['_id', 'age', 'workclass', 'fnlwgt', 'education', 'education-num',
       'marital-status', 'occupation', 'relationship', 'race', 'sex',
       'capital-gain', 'capital-loss', 'hours-per-week', 'country', 'salary'],
      dtype='object')
[ 2023-03-23 13:11:14,782 ] 25 root - INFO - Dropping column: _id 
[ 2023-03-23 13:11:14,810 ] 27 root - INFO - Row and columns in df: (32561, 15)
[ 2023-03-23 13:11:14,810 ] 28 root - INFO - Save data in feature store
[ 2023-03-23 13:11:15,500 ] 45 root - INFO - Create feature store folder if not available
[ 2023-03-23 13:11:15,501 ] 49 root - INFO - Save df to feature store folder
[ 2023-03-23 13:11:15,897 ] 54 root - INFO - split dataset into train and test set
[ 2023-03-23 13:11:15,923 ] 58 root - INFO - create dataset directory folder if not available
[ 2023-03-23 13:11:15,924 ] 63 root - INFO - Save df to feature store folder
[ 2023-03-23 13:11:16,305 ] 75 root - INFO - Data ingestion artifact: DataIngestionArtifact(feature_store_file_path='/config/workspace/artifact/03232023__131114/data_ingestion/feature_store/census.csv', train_file_path='/config/workspace/artifact/03232023__131114/data_ingestion/dataset/train.csv', test_file_path='/config/workspace/artifact/03232023__131114/data_ingestion/dataset/test.csv')
[ 2023-03-23 13:11:16,343 ] 21 root - INFO - >>>>>>>>>>>>>>>>>>>>>>>>>>>>>>>>>>>>>>>> Data Validation <<<<<<<<<<<<<<<<<<<<<<<<<<<<<<<<<<<<<<<<
[ 2023-03-23 13:11:16,344 ] 109 root - INFO - Reading base dataframe
[ 2023-03-23 13:11:16,532 ] 113 root - INFO - Replace na value in base df
[ 2023-03-23 13:11:16,533 ] 115 root - INFO - Drop null values colums from base df
[ 2023-03-23 13:11:16,606 ] 44 root - INFO - selecting column name which contains null above to 0.2
[ 2023-03-23 13:11:16,607 ] 47 root - INFO - Columns to drop: []
[ 2023-03-23 13:11:17,255 ] 150 root - INFO - Reading train dataframe
[ 2023-03-23 13:11:17,483 ] 174 root - INFO - Reading test dataframe
[ 2023-03-23 13:11:17,557 ] 196 root - INFO - Drop null values colums from train df
[ 2023-03-23 13:11:17,560 ] 44 root - INFO - selecting column name which contains null above to 0.2
[ 2023-03-23 13:11:17,560 ] 47 root - INFO - Columns to drop: []
[ 2023-03-23 13:11:17,562 ] 198 root - INFO - Drop null values colums from test df
[ 2023-03-23 13:11:17,564 ] 44 root - INFO - selecting column name which contains null above to 0.2
[ 2023-03-23 13:11:17,565 ] 47 root - INFO - Columns to drop: []
[ 2023-03-23 13:11:17,587 ] 207 root - INFO - Is all required columns present in train df
[ 2023-03-23 13:11:17,587 ] 209 root - INFO - Is all required columns present in test df
[ 2023-03-23 13:11:17,587 ] 213 root - INFO - As all column are available in train df hence detecting data drift
[ 2023-03-23 13:11:17,587 ] 87 root - INFO - Hypothesis workclass: float64, float64 
[ 2023-03-23 13:11:17,628 ] 87 root - INFO - Hypothesis education: float64, float64 
[ 2023-03-23 13:11:17,668 ] 87 root - INFO - Hypothesis marital-status: float64, float64 
[ 2023-03-23 13:11:17,675 ] 87 root - INFO - Hypothesis occupation: float64, float64 
[ 2023-03-23 13:11:17,683 ] 87 root - INFO - Hypothesis relationship: float64, float64 
[ 2023-03-23 13:11:17,723 ] 87 root - INFO - Hypothesis race: float64, float64 
[ 2023-03-23 13:11:17,760 ] 87 root - INFO - Hypothesis sex: float64, float64 
[ 2023-03-23 13:11:17,798 ] 87 root - INFO - Hypothesis country: float64, float64 
[ 2023-03-23 13:11:17,835 ] 87 root - INFO - Hypothesis age: float64, float64 
[ 2023-03-23 13:11:17,845 ] 87 root - INFO - Hypothesis hours-per-week: float64, float64 
[ 2023-03-23 13:11:17,886 ] 216 root - INFO - As all column are available in test df hence detecting data drift
[ 2023-03-23 13:11:17,886 ] 87 root - INFO - Hypothesis workclass: float64, float64 
[ 2023-03-23 13:11:17,904 ] 87 root - INFO - Hypothesis education: float64, float64 
[ 2023-03-23 13:11:17,909 ] 87 root - INFO - Hypothesis marital-status: float64, float64 
[ 2023-03-23 13:11:17,915 ] 87 root - INFO - Hypothesis occupation: float64, float64 
[ 2023-03-23 13:11:17,927 ] 87 root - INFO - Hypothesis relationship: float64, float64 
[ 2023-03-23 13:11:17,933 ] 87 root - INFO - Hypothesis race: float64, float64 
[ 2023-03-23 13:11:17,956 ] 87 root - INFO - Hypothesis sex: float64, float64 
[ 2023-03-23 13:11:17,974 ] 87 root - INFO - Hypothesis country: float64, float64 
[ 2023-03-23 13:11:17,979 ] 87 root - INFO - Hypothesis age: float64, float64 
[ 2023-03-23 13:11:17,986 ] 87 root - INFO - Hypothesis hours-per-week: float64, float64 
[ 2023-03-23 13:11:17,991 ] 220 root - INFO - Write reprt in yaml file
[ 2023-03-23 13:11:18,003 ] 225 root - INFO - Data validation artifact: DataValidationArtifact(report_file_path='/config/workspace/artifact/03232023__131114/data_validation/report.yaml')
[ 2023-03-23 13:11:18,031 ] 21 root - INFO - >>>>>>>>>>>>>>>>>>>>>>>>>>>>>>>>>>>>>>>> Data Transformation <<<<<<<<<<<<<<<<<<<<<<<<<<<<<<<<<<<<<<<<
