[ 2023-03-23 13:47:06,975 ] 15 root - INFO - >>>>>>>>>>>>>>>>>>>>>>>>>>>>>>>>>>>>>>>> Data Ingestion <<<<<<<<<<<<<<<<<<<<<<<<<<<<<<<<<<<<<<<<
[ 2023-03-23 13:47:06,975 ] 22 root - INFO - Exporting collection data as pandas dataframe
[ 2023-03-23 13:47:06,975 ] 21 root - INFO - Reading data from database: adult and collection: census
[ 2023-03-23 13:47:07,737 ] 23 root - INFO - Found columns: Index(['_id', 'age', 'workclass', 'fnlwgt', 'education', 'education-num',
       'marital-status', 'occupation', 'relationship', 'race', 'sex',
       'capital-gain', 'capital-loss', 'hours-per-week', 'country', 'salary'],
      dtype='object')
[ 2023-03-23 13:47:07,738 ] 25 root - INFO - Dropping column: _id 
[ 2023-03-23 13:47:07,769 ] 27 root - INFO - Row and columns in df: (32561, 15)
[ 2023-03-23 13:47:07,770 ] 28 root - INFO - Save data in feature store
[ 2023-03-23 13:47:08,558 ] 45 root - INFO - Create feature store folder if not available
[ 2023-03-23 13:47:08,559 ] 49 root - INFO - Save df to feature store folder
[ 2023-03-23 13:47:09,016 ] 54 root - INFO - split dataset into train and test set
[ 2023-03-23 13:47:09,047 ] 58 root - INFO - create dataset directory folder if not available
[ 2023-03-23 13:47:09,047 ] 63 root - INFO - Save df to feature store folder
[ 2023-03-23 13:47:09,464 ] 75 root - INFO - Data ingestion artifact: DataIngestionArtifact(feature_store_file_path='/config/workspace/artifact/03232023__134706/data_ingestion/feature_store/census.csv', train_file_path='/config/workspace/artifact/03232023__134706/data_ingestion/dataset/train.csv', test_file_path='/config/workspace/artifact/03232023__134706/data_ingestion/dataset/test.csv')
[ 2023-03-23 13:47:09,513 ] 21 root - INFO - >>>>>>>>>>>>>>>>>>>>>>>>>>>>>>>>>>>>>>>> Data Validation <<<<<<<<<<<<<<<<<<<<<<<<<<<<<<<<<<<<<<<<
[ 2023-03-23 13:47:09,514 ] 109 root - INFO - Reading base dataframe
[ 2023-03-23 13:47:09,702 ] 113 root - INFO - Replace na value in base df
[ 2023-03-23 13:47:09,702 ] 115 root - INFO - Drop null values colums from base df
[ 2023-03-23 13:47:09,775 ] 44 root - INFO - selecting column name which contains null above to 0.2
[ 2023-03-23 13:47:09,777 ] 47 root - INFO - Columns to drop: []
[ 2023-03-23 13:47:10,410 ] 150 root - INFO - Reading train dataframe
[ 2023-03-23 13:47:10,662 ] 174 root - INFO - Reading test dataframe
[ 2023-03-23 13:47:10,748 ] 196 root - INFO - Drop null values colums from train df
[ 2023-03-23 13:47:10,750 ] 44 root - INFO - selecting column name which contains null above to 0.2
[ 2023-03-23 13:47:10,751 ] 47 root - INFO - Columns to drop: []
[ 2023-03-23 13:47:10,754 ] 198 root - INFO - Drop null values colums from test df
[ 2023-03-23 13:47:10,756 ] 44 root - INFO - selecting column name which contains null above to 0.2
[ 2023-03-23 13:47:10,757 ] 47 root - INFO - Columns to drop: []
[ 2023-03-23 13:47:10,784 ] 207 root - INFO - Is all required columns present in train df
[ 2023-03-23 13:47:10,785 ] 209 root - INFO - Is all required columns present in test df
[ 2023-03-23 13:47:10,785 ] 213 root - INFO - As all column are available in train df hence detecting data drift
[ 2023-03-23 13:47:10,786 ] 87 root - INFO - Hypothesis workclass: float64, float64 
[ 2023-03-23 13:47:10,836 ] 87 root - INFO - Hypothesis education: float64, float64 
[ 2023-03-23 13:47:10,882 ] 87 root - INFO - Hypothesis marital-status: float64, float64 
[ 2023-03-23 13:47:10,891 ] 87 root - INFO - Hypothesis occupation: float64, float64 
[ 2023-03-23 13:47:10,899 ] 87 root - INFO - Hypothesis relationship: float64, float64 
[ 2023-03-23 13:47:10,943 ] 87 root - INFO - Hypothesis race: float64, float64 
[ 2023-03-23 13:47:10,982 ] 87 root - INFO - Hypothesis sex: float64, float64 
[ 2023-03-23 13:47:11,022 ] 87 root - INFO - Hypothesis country: float64, float64 
[ 2023-03-23 13:47:11,063 ] 87 root - INFO - Hypothesis age: float64, float64 
[ 2023-03-23 13:47:11,073 ] 87 root - INFO - Hypothesis hours-per-week: float64, float64 
[ 2023-03-23 13:47:11,115 ] 216 root - INFO - As all column are available in test df hence detecting data drift
[ 2023-03-23 13:47:11,115 ] 87 root - INFO - Hypothesis workclass: float64, float64 
[ 2023-03-23 13:47:11,134 ] 87 root - INFO - Hypothesis education: float64, float64 
[ 2023-03-23 13:47:11,140 ] 87 root - INFO - Hypothesis marital-status: float64, float64 
[ 2023-03-23 13:47:11,145 ] 87 root - INFO - Hypothesis occupation: float64, float64 
[ 2023-03-23 13:47:11,158 ] 87 root - INFO - Hypothesis relationship: float64, float64 
[ 2023-03-23 13:47:11,164 ] 87 root - INFO - Hypothesis race: float64, float64 
[ 2023-03-23 13:47:11,183 ] 87 root - INFO - Hypothesis sex: float64, float64 
[ 2023-03-23 13:47:11,200 ] 87 root - INFO - Hypothesis country: float64, float64 
[ 2023-03-23 13:47:11,205 ] 87 root - INFO - Hypothesis age: float64, float64 
[ 2023-03-23 13:47:11,211 ] 87 root - INFO - Hypothesis hours-per-week: float64, float64 
[ 2023-03-23 13:47:11,217 ] 220 root - INFO - Write reprt in yaml file
[ 2023-03-23 13:47:11,229 ] 225 root - INFO - Data validation artifact: DataValidationArtifact(report_file_path='/config/workspace/artifact/03232023__134706/data_validation/report.yaml')
