[ 2023-03-23 14:20:50,718 ] 15 root - INFO - >>>>>>>>>>>>>>>>>>>>>>>>>>>>>>>>>>>>>>>> Data Ingestion <<<<<<<<<<<<<<<<<<<<<<<<<<<<<<<<<<<<<<<<
[ 2023-03-23 14:20:50,719 ] 22 root - INFO - Exporting collection data as pandas dataframe
[ 2023-03-23 14:20:50,719 ] 21 root - INFO - Reading data from database: adult and collection: census
[ 2023-03-23 14:20:51,490 ] 23 root - INFO - Found columns: Index(['_id', 'age', 'workclass', 'fnlwgt', 'education', 'education-num',
       'marital-status', 'occupation', 'relationship', 'race', 'sex',
       'capital-gain', 'capital-loss', 'hours-per-week', 'country', 'salary'],
      dtype='object')
[ 2023-03-23 14:20:51,490 ] 25 root - INFO - Dropping column: _id 
[ 2023-03-23 14:20:51,518 ] 27 root - INFO - Row and columns in df: (32561, 15)
[ 2023-03-23 14:20:51,519 ] 28 root - INFO - Save data in feature store
[ 2023-03-23 14:20:52,229 ] 45 root - INFO - Create feature store folder if not available
[ 2023-03-23 14:20:52,230 ] 49 root - INFO - Save df to feature store folder
[ 2023-03-23 14:20:52,692 ] 54 root - INFO - split dataset into train and test set
[ 2023-03-23 14:20:52,725 ] 58 root - INFO - create dataset directory folder if not available
[ 2023-03-23 14:20:52,726 ] 63 root - INFO - Save df to feature store folder
[ 2023-03-23 14:20:53,165 ] 75 root - INFO - Data ingestion artifact: DataIngestionArtifact(feature_store_file_path='/config/workspace/artifact/03232023__142050/data_ingestion/feature_store/census.csv', train_file_path='/config/workspace/artifact/03232023__142050/data_ingestion/dataset/train.csv', test_file_path='/config/workspace/artifact/03232023__142050/data_ingestion/dataset/test.csv')
[ 2023-03-23 14:20:53,215 ] 21 root - INFO - >>>>>>>>>>>>>>>>>>>>>>>>>>>>>>>>>>>>>>>> Data Validation <<<<<<<<<<<<<<<<<<<<<<<<<<<<<<<<<<<<<<<<
[ 2023-03-23 14:20:53,215 ] 109 root - INFO - Reading base dataframe
[ 2023-03-23 14:20:53,415 ] 113 root - INFO - Replace na value in base df
[ 2023-03-23 14:20:53,416 ] 115 root - INFO - Drop null values colums from base df
[ 2023-03-23 14:20:53,490 ] 44 root - INFO - selecting column name which contains null above to 0.2
[ 2023-03-23 14:20:53,491 ] 47 root - INFO - Columns to drop: []
[ 2023-03-23 14:20:54,133 ] 150 root - INFO - Reading train dataframe
[ 2023-03-23 14:20:54,388 ] 174 root - INFO - Reading test dataframe
[ 2023-03-23 14:20:54,475 ] 196 root - INFO - Drop null values colums from train df
[ 2023-03-23 14:20:54,478 ] 44 root - INFO - selecting column name which contains null above to 0.2
[ 2023-03-23 14:20:54,479 ] 47 root - INFO - Columns to drop: []
[ 2023-03-23 14:20:54,481 ] 198 root - INFO - Drop null values colums from test df
[ 2023-03-23 14:20:54,484 ] 44 root - INFO - selecting column name which contains null above to 0.2
[ 2023-03-23 14:20:54,484 ] 47 root - INFO - Columns to drop: []
[ 2023-03-23 14:20:54,514 ] 207 root - INFO - Is all required columns present in train df
[ 2023-03-23 14:20:54,514 ] 209 root - INFO - Is all required columns present in test df
[ 2023-03-23 14:20:54,514 ] 213 root - INFO - As all column are available in train df hence detecting data drift
[ 2023-03-23 14:20:54,515 ] 87 root - INFO - Hypothesis workclass: float64, float64 
[ 2023-03-23 14:20:54,557 ] 87 root - INFO - Hypothesis education: float64, float64 
[ 2023-03-23 14:20:54,599 ] 87 root - INFO - Hypothesis marital-status: float64, float64 
[ 2023-03-23 14:20:54,607 ] 87 root - INFO - Hypothesis occupation: float64, float64 
[ 2023-03-23 14:20:54,616 ] 87 root - INFO - Hypothesis relationship: float64, float64 
[ 2023-03-23 14:20:54,658 ] 87 root - INFO - Hypothesis race: float64, float64 
[ 2023-03-23 14:20:54,697 ] 87 root - INFO - Hypothesis sex: float64, float64 
[ 2023-03-23 14:20:54,736 ] 87 root - INFO - Hypothesis country: float64, float64 
[ 2023-03-23 14:20:54,774 ] 87 root - INFO - Hypothesis age: float64, float64 
[ 2023-03-23 14:20:54,784 ] 87 root - INFO - Hypothesis hours-per-week: float64, float64 
[ 2023-03-23 14:20:54,826 ] 216 root - INFO - As all column are available in test df hence detecting data drift
[ 2023-03-23 14:20:54,826 ] 87 root - INFO - Hypothesis workclass: float64, float64 
[ 2023-03-23 14:20:54,844 ] 87 root - INFO - Hypothesis education: float64, float64 
[ 2023-03-23 14:20:54,850 ] 87 root - INFO - Hypothesis marital-status: float64, float64 
[ 2023-03-23 14:20:54,856 ] 87 root - INFO - Hypothesis occupation: float64, float64 
[ 2023-03-23 14:20:54,869 ] 87 root - INFO - Hypothesis relationship: float64, float64 
[ 2023-03-23 14:20:54,875 ] 87 root - INFO - Hypothesis race: float64, float64 
[ 2023-03-23 14:20:54,892 ] 87 root - INFO - Hypothesis sex: float64, float64 
[ 2023-03-23 14:20:54,909 ] 87 root - INFO - Hypothesis country: float64, float64 
[ 2023-03-23 14:20:54,913 ] 87 root - INFO - Hypothesis age: float64, float64 
[ 2023-03-23 14:20:54,920 ] 87 root - INFO - Hypothesis hours-per-week: float64, float64 
[ 2023-03-23 14:20:54,925 ] 220 root - INFO - Write reprt in yaml file
[ 2023-03-23 14:20:54,936 ] 225 root - INFO - Data validation artifact: DataValidationArtifact(report_file_path='/config/workspace/artifact/03232023__142050/data_validation/report.yaml')
[ 2023-03-23 14:20:54,956 ] 21 root - INFO - >>>>>>>>>>>>>>>>>>>>>>>>>>>>>>>>>>>>>>>> Data Transformation <<<<<<<<<<<<<<<<<<<<<<<<<<<<<<<<<<<<<<<<
[ 2023-03-23 14:20:55,204 ] 104 root - INFO - Before resampling in training set Input: (24129, 10) Target:(24129,)
[ 2023-03-23 14:21:08,842 ] 106 root - INFO - After resampling in training set Input: (35178, 10) Target:(35178,)
[ 2023-03-23 14:21:08,843 ] 108 root - INFO - Before resampling in testing set Input: (6033, 10) Target:(6033,)
[ 2023-03-23 14:21:09,670 ] 110 root - INFO - After resampling in testing set Input: (8724, 10) Target:(8724,)
[ 2023-03-23 14:21:09,686 ] 51 root - INFO - Entered the save_object method of utils
[ 2023-03-23 14:21:09,689 ] 55 root - INFO - Exited the save_object method of utils
[ 2023-03-23 14:21:09,689 ] 51 root - INFO - Entered the save_object method of utils
[ 2023-03-23 14:21:09,691 ] 55 root - INFO - Exited the save_object method of utils
[ 2023-03-23 14:21:09,691 ] 51 root - INFO - Entered the save_object method of utils
[ 2023-03-23 14:21:09,694 ] 55 root - INFO - Exited the save_object method of utils
[ 2023-03-23 14:21:09,694 ] 141 root - INFO - Data transformation object DataTransformationArtifact(transform_object_path='/config/workspace/artifact/03232023__142050/transformer/transformer.pkl', transformed_train_path='/config/workspace/artifact/03232023__142050/transformed/train.npz', transformed_test_path='/config/workspace/artifact/03232023__142050/transformed/test.npz', target_encoder_path='/config/workspace/artifact/03232023__142050/target_encoder/target_encoder.pkl', input_feature_encoder_path='/config/workspace/artifact/03232023__142050/input_feature_encoder/input_target_encoder.pkl')
