[ 2023-03-25 09:10:28,308 ] 15 root - INFO - >>>>>>>>>>>>>>>>>>>>>>>>>>>>>>>>>>>>>>>> Data Ingestion <<<<<<<<<<<<<<<<<<<<<<<<<<<<<<<<<<<<<<<<
[ 2023-03-25 09:10:28,309 ] 22 root - INFO - Exporting collection data as pandas dataframe
[ 2023-03-25 09:10:28,309 ] 21 root - INFO - Reading data from database: adult and collection: census
[ 2023-03-25 09:10:29,457 ] 23 root - INFO - Found columns: Index(['_id', 'age', 'workclass', 'fnlwgt', 'education', 'education-num',
       'marital-status', 'occupation', 'relationship', 'race', 'sex',
       'capital-gain', 'capital-loss', 'hours-per-week', 'country', 'salary'],
      dtype='object')
[ 2023-03-25 09:10:29,458 ] 25 root - INFO - Dropping column: _id 
[ 2023-03-25 09:10:29,515 ] 27 root - INFO - Row and columns in df: (32561, 15)
[ 2023-03-25 09:10:29,515 ] 28 root - INFO - Save data in feature store
[ 2023-03-25 09:10:30,643 ] 45 root - INFO - Create feature store folder if not available
[ 2023-03-25 09:10:30,644 ] 49 root - INFO - Save df to feature store folder
[ 2023-03-25 09:10:31,264 ] 54 root - INFO - split dataset into train and test set
[ 2023-03-25 09:10:31,323 ] 58 root - INFO - create dataset directory folder if not available
[ 2023-03-25 09:10:31,324 ] 63 root - INFO - Save df to feature store folder
[ 2023-03-25 09:10:31,938 ] 75 root - INFO - Data ingestion artifact: DataIngestionArtifact(feature_store_file_path='/config/workspace/artifact/03252023__091028/data_ingestion/feature_store/census.csv', train_file_path='/config/workspace/artifact/03252023__091028/data_ingestion/dataset/train.csv', test_file_path='/config/workspace/artifact/03252023__091028/data_ingestion/dataset/test.csv')
[ 2023-03-25 09:10:32,030 ] 21 root - INFO - >>>>>>>>>>>>>>>>>>>>>>>>>>>>>>>>>>>>>>>> Data Validation <<<<<<<<<<<<<<<<<<<<<<<<<<<<<<<<<<<<<<<<
[ 2023-03-25 09:10:32,031 ] 109 root - INFO - Reading base dataframe
[ 2023-03-25 09:10:32,349 ] 113 root - INFO - Replace na value in base df
[ 2023-03-25 09:10:32,350 ] 115 root - INFO - Drop null values colums from base df
[ 2023-03-25 09:10:32,433 ] 44 root - INFO - selecting column name which contains null above to 0.2
[ 2023-03-25 09:10:32,435 ] 47 root - INFO - Columns to drop: []
[ 2023-03-25 09:10:33,391 ] 150 root - INFO - Reading train dataframe
[ 2023-03-25 09:10:33,716 ] 174 root - INFO - Reading test dataframe
[ 2023-03-25 09:10:33,796 ] 196 root - INFO - Drop null values colums from train df
[ 2023-03-25 09:10:33,801 ] 44 root - INFO - selecting column name which contains null above to 0.2
[ 2023-03-25 09:10:33,802 ] 47 root - INFO - Columns to drop: []
[ 2023-03-25 09:10:33,805 ] 198 root - INFO - Drop null values colums from test df
[ 2023-03-25 09:10:33,809 ] 44 root - INFO - selecting column name which contains null above to 0.2
[ 2023-03-25 09:10:33,810 ] 47 root - INFO - Columns to drop: []
[ 2023-03-25 09:10:33,851 ] 207 root - INFO - Is all required columns present in train df
[ 2023-03-25 09:10:33,852 ] 209 root - INFO - Is all required columns present in test df
[ 2023-03-25 09:10:33,852 ] 213 root - INFO - As all column are available in train df hence detecting data drift
[ 2023-03-25 09:10:33,853 ] 87 root - INFO - Hypothesis workclass: float64, float64 
[ 2023-03-25 09:10:33,889 ] 87 root - INFO - Hypothesis education: float64, float64 
[ 2023-03-25 09:10:33,925 ] 87 root - INFO - Hypothesis marital-status: float64, float64 
[ 2023-03-25 09:10:33,933 ] 87 root - INFO - Hypothesis occupation: float64, float64 
[ 2023-03-25 09:10:33,941 ] 87 root - INFO - Hypothesis relationship: float64, float64 
[ 2023-03-25 09:10:33,980 ] 87 root - INFO - Hypothesis race: float64, float64 
[ 2023-03-25 09:10:34,011 ] 87 root - INFO - Hypothesis sex: float64, float64 
[ 2023-03-25 09:10:34,049 ] 87 root - INFO - Hypothesis country: float64, float64 
[ 2023-03-25 09:10:34,102 ] 87 root - INFO - Hypothesis age: float64, float64 
[ 2023-03-25 09:10:34,114 ] 87 root - INFO - Hypothesis hours-per-week: float64, float64 
[ 2023-03-25 09:10:34,162 ] 216 root - INFO - As all column are available in test df hence detecting data drift
[ 2023-03-25 09:10:34,163 ] 87 root - INFO - Hypothesis workclass: float64, float64 
[ 2023-03-25 09:10:34,185 ] 87 root - INFO - Hypothesis education: float64, float64 
[ 2023-03-25 09:10:34,193 ] 87 root - INFO - Hypothesis marital-status: float64, float64 
[ 2023-03-25 09:10:34,201 ] 87 root - INFO - Hypothesis occupation: float64, float64 
[ 2023-03-25 09:10:34,218 ] 87 root - INFO - Hypothesis relationship: float64, float64 
[ 2023-03-25 09:10:34,227 ] 87 root - INFO - Hypothesis race: float64, float64 
[ 2023-03-25 09:10:34,247 ] 87 root - INFO - Hypothesis sex: float64, float64 
[ 2023-03-25 09:10:34,268 ] 87 root - INFO - Hypothesis country: float64, float64 
[ 2023-03-25 09:10:34,274 ] 87 root - INFO - Hypothesis age: float64, float64 
[ 2023-03-25 09:10:34,284 ] 87 root - INFO - Hypothesis hours-per-week: float64, float64 
[ 2023-03-25 09:10:34,292 ] 220 root - INFO - Write reprt in yaml file
[ 2023-03-25 09:10:34,307 ] 225 root - INFO - Data validation artifact: DataValidationArtifact(report_file_path='/config/workspace/artifact/03252023__091028/data_validation/report.yaml')
[ 2023-03-25 09:10:34,391 ] 21 root - INFO - >>>>>>>>>>>>>>>>>>>>>>>>>>>>>>>>>>>>>>>> Data Transformation <<<<<<<<<<<<<<<<<<<<<<<<<<<<<<<<<<<<<<<<
[ 2023-03-25 09:10:34,790 ] 104 root - INFO - Before resampling in training set Input: (24129, 10) Target:(24129,)
[ 2023-03-25 09:11:06,787 ] 106 root - INFO - After resampling in training set Input: (35178, 10) Target:(35178,)
[ 2023-03-25 09:11:06,788 ] 108 root - INFO - Before resampling in testing set Input: (6033, 10) Target:(6033,)
[ 2023-03-25 09:11:08,019 ] 110 root - INFO - After resampling in testing set Input: (8724, 10) Target:(8724,)
[ 2023-03-25 09:11:08,055 ] 51 root - INFO - Entered the save_object method of utils
[ 2023-03-25 09:11:08,065 ] 55 root - INFO - Exited the save_object method of utils
[ 2023-03-25 09:11:08,066 ] 51 root - INFO - Entered the save_object method of utils
[ 2023-03-25 09:11:08,068 ] 55 root - INFO - Exited the save_object method of utils
[ 2023-03-25 09:11:08,068 ] 51 root - INFO - Entered the save_object method of utils
[ 2023-03-25 09:11:08,073 ] 55 root - INFO - Exited the save_object method of utils
[ 2023-03-25 09:11:08,073 ] 141 root - INFO - Data transformation object DataTransformationArtifact(transform_object_path='/config/workspace/artifact/03252023__091028/data_transformation/transformer/transformer.pkl', transformed_train_path='/config/workspace/artifact/03252023__091028/data_transformation/transformed/train.npz', transformed_test_path='/config/workspace/artifact/03252023__091028/data_transformation/transformed/test.npz', target_encoder_path='/config/workspace/artifact/03252023__091028/data_transformation/target_encoder/target_encoder.pkl', input_feature_encoder_path='/config/workspace/artifact/03252023__091028/data_transformation/input_feature_encoder/input_target_encoder.pkl')
