[ 2023-03-25 11:57:27,274 ] 15 root - INFO - >>>>>>>>>>>>>>>>>>>>>>>>>>>>>>>>>>>>>>>> Data Ingestion <<<<<<<<<<<<<<<<<<<<<<<<<<<<<<<<<<<<<<<<
[ 2023-03-25 11:57:27,275 ] 22 root - INFO - Exporting collection data as pandas dataframe
[ 2023-03-25 11:57:27,275 ] 21 root - INFO - Reading data from database: adult and collection: census
[ 2023-03-25 11:57:28,387 ] 23 root - INFO - Found columns: Index(['_id', 'age', 'workclass', 'fnlwgt', 'education', 'education-num',
       'marital-status', 'occupation', 'relationship', 'race', 'sex',
       'capital-gain', 'capital-loss', 'hours-per-week', 'country', 'salary'],
      dtype='object')
[ 2023-03-25 11:57:28,388 ] 25 root - INFO - Dropping column: _id 
[ 2023-03-25 11:57:28,447 ] 27 root - INFO - Row and columns in df: (32561, 15)
[ 2023-03-25 11:57:28,448 ] 28 root - INFO - Save data in feature store
[ 2023-03-25 11:57:29,588 ] 45 root - INFO - Create feature store folder if not available
[ 2023-03-25 11:57:29,590 ] 49 root - INFO - Save df to feature store folder
[ 2023-03-25 11:57:30,172 ] 54 root - INFO - split dataset into train and test set
[ 2023-03-25 11:57:30,217 ] 58 root - INFO - create dataset directory folder if not available
[ 2023-03-25 11:57:30,218 ] 63 root - INFO - Save df to feature store folder
[ 2023-03-25 11:57:30,758 ] 75 root - INFO - Data ingestion artifact: DataIngestionArtifact(feature_store_file_path='/config/workspace/artifact/03252023__115727/data_ingestion/feature_store/census.csv', train_file_path='/config/workspace/artifact/03252023__115727/data_ingestion/dataset/train.csv', test_file_path='/config/workspace/artifact/03252023__115727/data_ingestion/dataset/test.csv')
[ 2023-03-25 11:57:30,833 ] 21 root - INFO - >>>>>>>>>>>>>>>>>>>>>>>>>>>>>>>>>>>>>>>> Data Validation <<<<<<<<<<<<<<<<<<<<<<<<<<<<<<<<<<<<<<<<
[ 2023-03-25 11:57:30,833 ] 109 root - INFO - Reading base dataframe
[ 2023-03-25 11:57:31,092 ] 113 root - INFO - Replace na value in base df
[ 2023-03-25 11:57:31,093 ] 115 root - INFO - Drop null values colums from base df
[ 2023-03-25 11:57:31,176 ] 44 root - INFO - selecting column name which contains null above to 0.2
[ 2023-03-25 11:57:31,178 ] 47 root - INFO - Columns to drop: []
[ 2023-03-25 11:57:32,183 ] 150 root - INFO - Reading train dataframe
[ 2023-03-25 11:57:32,558 ] 174 root - INFO - Reading test dataframe
[ 2023-03-25 11:57:32,709 ] 196 root - INFO - Drop null values colums from train df
[ 2023-03-25 11:57:32,715 ] 44 root - INFO - selecting column name which contains null above to 0.2
[ 2023-03-25 11:57:32,717 ] 47 root - INFO - Columns to drop: []
[ 2023-03-25 11:57:32,722 ] 198 root - INFO - Drop null values colums from test df
[ 2023-03-25 11:57:32,726 ] 44 root - INFO - selecting column name which contains null above to 0.2
[ 2023-03-25 11:57:32,728 ] 47 root - INFO - Columns to drop: []
[ 2023-03-25 11:57:32,791 ] 207 root - INFO - Is all required columns present in train df
[ 2023-03-25 11:57:32,792 ] 209 root - INFO - Is all required columns present in test df
[ 2023-03-25 11:57:32,792 ] 213 root - INFO - As all column are available in train df hence detecting data drift
[ 2023-03-25 11:57:32,793 ] 87 root - INFO - Hypothesis workclass: float64, float64 
[ 2023-03-25 11:57:32,847 ] 87 root - INFO - Hypothesis education: float64, float64 
[ 2023-03-25 11:57:32,902 ] 87 root - INFO - Hypothesis marital-status: float64, float64 
[ 2023-03-25 11:57:32,913 ] 87 root - INFO - Hypothesis occupation: float64, float64 
[ 2023-03-25 11:57:32,924 ] 87 root - INFO - Hypothesis relationship: float64, float64 
[ 2023-03-25 11:57:32,978 ] 87 root - INFO - Hypothesis race: float64, float64 
[ 2023-03-25 11:57:33,022 ] 87 root - INFO - Hypothesis sex: float64, float64 
[ 2023-03-25 11:57:33,070 ] 87 root - INFO - Hypothesis country: float64, float64 
[ 2023-03-25 11:57:33,116 ] 87 root - INFO - Hypothesis age: float64, float64 
[ 2023-03-25 11:57:33,128 ] 87 root - INFO - Hypothesis hours-per-week: float64, float64 
[ 2023-03-25 11:57:33,181 ] 216 root - INFO - As all column are available in test df hence detecting data drift
[ 2023-03-25 11:57:33,182 ] 87 root - INFO - Hypothesis workclass: float64, float64 
[ 2023-03-25 11:57:33,204 ] 87 root - INFO - Hypothesis education: float64, float64 
[ 2023-03-25 11:57:33,212 ] 87 root - INFO - Hypothesis marital-status: float64, float64 
[ 2023-03-25 11:57:33,219 ] 87 root - INFO - Hypothesis occupation: float64, float64 
[ 2023-03-25 11:57:33,240 ] 87 root - INFO - Hypothesis relationship: float64, float64 
[ 2023-03-25 11:57:33,248 ] 87 root - INFO - Hypothesis race: float64, float64 
[ 2023-03-25 11:57:33,269 ] 87 root - INFO - Hypothesis sex: float64, float64 
[ 2023-03-25 11:57:33,290 ] 87 root - INFO - Hypothesis country: float64, float64 
[ 2023-03-25 11:57:33,296 ] 87 root - INFO - Hypothesis age: float64, float64 
[ 2023-03-25 11:57:33,305 ] 87 root - INFO - Hypothesis hours-per-week: float64, float64 
[ 2023-03-25 11:57:33,312 ] 220 root - INFO - Write reprt in yaml file
[ 2023-03-25 11:57:33,325 ] 225 root - INFO - Data validation artifact: DataValidationArtifact(report_file_path='/config/workspace/artifact/03252023__115727/data_validation/report.yaml')
[ 2023-03-25 11:57:33,361 ] 21 root - INFO - >>>>>>>>>>>>>>>>>>>>>>>>>>>>>>>>>>>>>>>> Data Transformation <<<<<<<<<<<<<<<<<<<<<<<<<<<<<<<<<<<<<<<<
[ 2023-03-25 11:57:33,733 ] 104 root - INFO - Before resampling in training set Input: (24129, 10) Target:(24129,)
[ 2023-03-25 11:58:05,338 ] 106 root - INFO - After resampling in training set Input: (35178, 10) Target:(35178,)
[ 2023-03-25 11:58:05,339 ] 108 root - INFO - Before resampling in testing set Input: (6033, 10) Target:(6033,)
[ 2023-03-25 11:58:06,458 ] 110 root - INFO - After resampling in testing set Input: (8724, 10) Target:(8724,)
[ 2023-03-25 11:58:06,485 ] 51 root - INFO - Entered the save_object method of utils
[ 2023-03-25 11:58:06,492 ] 55 root - INFO - Exited the save_object method of utils
[ 2023-03-25 11:58:06,492 ] 51 root - INFO - Entered the save_object method of utils
[ 2023-03-25 11:58:06,495 ] 55 root - INFO - Exited the save_object method of utils
[ 2023-03-25 11:58:06,495 ] 51 root - INFO - Entered the save_object method of utils
[ 2023-03-25 11:58:06,500 ] 55 root - INFO - Exited the save_object method of utils
[ 2023-03-25 11:58:06,501 ] 141 root - INFO - Data transformation object DataTransformationArtifact(transform_object_path='/config/workspace/artifact/03252023__115727/data_transformation/transformer/transformer.pkl', transformed_train_path='/config/workspace/artifact/03252023__115727/data_transformation/transformed/train.npz', transformed_test_path='/config/workspace/artifact/03252023__115727/data_transformation/transformed/test.npz', target_encoder_path='/config/workspace/artifact/03252023__115727/data_transformation/target_encoder/target_encoder.pkl', input_feature_encoder_path='/config/workspace/artifact/03252023__115727/data_transformation/input_feature_encoder/input_target_encoder.pkl')
[ 2023-03-25 11:58:06,510 ] 18 root - INFO - >>>>>>>>>>>>>>>>>>>>>>>>>>>>>>>>>>>>>>>> Model Trainer <<<<<<<<<<<<<<<<<<<<<<<<<<<<<<<<<<<<<<<<
[ 2023-03-25 11:58:06,510 ] 69 root - INFO - loading test and train array
[ 2023-03-25 11:58:06,531 ] 73 root - INFO - Splitting input and target feature from both train and test arr.
[ 2023-03-25 11:58:06,532 ] 76 root - INFO - finding the best parameters
