[ 2023-03-25 11:52:16,891 ] 15 root - INFO - >>>>>>>>>>>>>>>>>>>>>>>>>>>>>>>>>>>>>>>> Data Ingestion <<<<<<<<<<<<<<<<<<<<<<<<<<<<<<<<<<<<<<<<
[ 2023-03-25 11:52:16,891 ] 22 root - INFO - Exporting collection data as pandas dataframe
[ 2023-03-25 11:52:16,891 ] 21 root - INFO - Reading data from database: adult and collection: census
[ 2023-03-25 11:52:18,031 ] 23 root - INFO - Found columns: Index(['_id', 'age', 'workclass', 'fnlwgt', 'education', 'education-num',
       'marital-status', 'occupation', 'relationship', 'race', 'sex',
       'capital-gain', 'capital-loss', 'hours-per-week', 'country', 'salary'],
      dtype='object')
[ 2023-03-25 11:52:18,033 ] 25 root - INFO - Dropping column: _id 
[ 2023-03-25 11:52:18,108 ] 27 root - INFO - Row and columns in df: (32561, 15)
[ 2023-03-25 11:52:18,108 ] 28 root - INFO - Save data in feature store
[ 2023-03-25 11:52:19,215 ] 45 root - INFO - Create feature store folder if not available
[ 2023-03-25 11:52:19,216 ] 49 root - INFO - Save df to feature store folder
[ 2023-03-25 11:52:19,803 ] 54 root - INFO - split dataset into train and test set
[ 2023-03-25 11:52:19,848 ] 58 root - INFO - create dataset directory folder if not available
[ 2023-03-25 11:52:19,849 ] 63 root - INFO - Save df to feature store folder
[ 2023-03-25 11:52:20,368 ] 75 root - INFO - Data ingestion artifact: DataIngestionArtifact(feature_store_file_path='/config/workspace/artifact/03252023__115216/data_ingestion/feature_store/census.csv', train_file_path='/config/workspace/artifact/03252023__115216/data_ingestion/dataset/train.csv', test_file_path='/config/workspace/artifact/03252023__115216/data_ingestion/dataset/test.csv')
[ 2023-03-25 11:52:20,451 ] 21 root - INFO - >>>>>>>>>>>>>>>>>>>>>>>>>>>>>>>>>>>>>>>> Data Validation <<<<<<<<<<<<<<<<<<<<<<<<<<<<<<<<<<<<<<<<
[ 2023-03-25 11:52:20,451 ] 109 root - INFO - Reading base dataframe
[ 2023-03-25 11:52:20,722 ] 113 root - INFO - Replace na value in base df
[ 2023-03-25 11:52:20,723 ] 115 root - INFO - Drop null values colums from base df
[ 2023-03-25 11:52:20,810 ] 44 root - INFO - selecting column name which contains null above to 0.2
[ 2023-03-25 11:52:20,812 ] 47 root - INFO - Columns to drop: []
[ 2023-03-25 11:52:21,805 ] 150 root - INFO - Reading train dataframe
[ 2023-03-25 11:52:22,173 ] 174 root - INFO - Reading test dataframe
[ 2023-03-25 11:52:22,300 ] 196 root - INFO - Drop null values colums from train df
[ 2023-03-25 11:52:22,305 ] 44 root - INFO - selecting column name which contains null above to 0.2
[ 2023-03-25 11:52:22,307 ] 47 root - INFO - Columns to drop: []
[ 2023-03-25 11:52:22,311 ] 198 root - INFO - Drop null values colums from test df
[ 2023-03-25 11:52:22,314 ] 44 root - INFO - selecting column name which contains null above to 0.2
[ 2023-03-25 11:52:22,315 ] 47 root - INFO - Columns to drop: []
[ 2023-03-25 11:52:22,366 ] 207 root - INFO - Is all required columns present in train df
[ 2023-03-25 11:52:22,367 ] 209 root - INFO - Is all required columns present in test df
[ 2023-03-25 11:52:22,367 ] 213 root - INFO - As all column are available in train df hence detecting data drift
[ 2023-03-25 11:52:22,368 ] 87 root - INFO - Hypothesis workclass: float64, float64 
[ 2023-03-25 11:52:22,416 ] 87 root - INFO - Hypothesis education: float64, float64 
[ 2023-03-25 11:52:22,465 ] 87 root - INFO - Hypothesis marital-status: float64, float64 
[ 2023-03-25 11:52:22,476 ] 87 root - INFO - Hypothesis occupation: float64, float64 
[ 2023-03-25 11:52:22,487 ] 87 root - INFO - Hypothesis relationship: float64, float64 
[ 2023-03-25 11:52:22,576 ] 87 root - INFO - Hypothesis race: float64, float64 
[ 2023-03-25 11:52:22,632 ] 87 root - INFO - Hypothesis sex: float64, float64 
[ 2023-03-25 11:52:22,678 ] 87 root - INFO - Hypothesis country: float64, float64 
[ 2023-03-25 11:52:22,726 ] 87 root - INFO - Hypothesis age: float64, float64 
[ 2023-03-25 11:52:22,739 ] 87 root - INFO - Hypothesis hours-per-week: float64, float64 
[ 2023-03-25 11:52:22,791 ] 216 root - INFO - As all column are available in test df hence detecting data drift
[ 2023-03-25 11:52:22,792 ] 87 root - INFO - Hypothesis workclass: float64, float64 
[ 2023-03-25 11:52:22,818 ] 87 root - INFO - Hypothesis education: float64, float64 
[ 2023-03-25 11:52:22,826 ] 87 root - INFO - Hypothesis marital-status: float64, float64 
[ 2023-03-25 11:52:22,835 ] 87 root - INFO - Hypothesis occupation: float64, float64 
[ 2023-03-25 11:52:22,852 ] 87 root - INFO - Hypothesis relationship: float64, float64 
[ 2023-03-25 11:52:22,865 ] 87 root - INFO - Hypothesis race: float64, float64 
[ 2023-03-25 11:52:22,886 ] 87 root - INFO - Hypothesis sex: float64, float64 
[ 2023-03-25 11:52:22,907 ] 87 root - INFO - Hypothesis country: float64, float64 
[ 2023-03-25 11:52:22,914 ] 87 root - INFO - Hypothesis age: float64, float64 
[ 2023-03-25 11:52:22,927 ] 87 root - INFO - Hypothesis hours-per-week: float64, float64 
[ 2023-03-25 11:52:22,935 ] 220 root - INFO - Write reprt in yaml file
[ 2023-03-25 11:52:22,949 ] 225 root - INFO - Data validation artifact: DataValidationArtifact(report_file_path='/config/workspace/artifact/03252023__115216/data_validation/report.yaml')
[ 2023-03-25 11:52:22,991 ] 21 root - INFO - >>>>>>>>>>>>>>>>>>>>>>>>>>>>>>>>>>>>>>>> Data Transformation <<<<<<<<<<<<<<<<<<<<<<<<<<<<<<<<<<<<<<<<
[ 2023-03-25 11:52:23,385 ] 104 root - INFO - Before resampling in training set Input: (24129, 10) Target:(24129,)
[ 2023-03-25 11:52:55,969 ] 106 root - INFO - After resampling in training set Input: (35178, 10) Target:(35178,)
[ 2023-03-25 11:52:55,970 ] 108 root - INFO - Before resampling in testing set Input: (6033, 10) Target:(6033,)
[ 2023-03-25 11:52:57,196 ] 110 root - INFO - After resampling in testing set Input: (8724, 10) Target:(8724,)
[ 2023-03-25 11:52:57,233 ] 51 root - INFO - Entered the save_object method of utils
[ 2023-03-25 11:52:57,240 ] 55 root - INFO - Exited the save_object method of utils
[ 2023-03-25 11:52:57,240 ] 51 root - INFO - Entered the save_object method of utils
[ 2023-03-25 11:52:57,243 ] 55 root - INFO - Exited the save_object method of utils
[ 2023-03-25 11:52:57,243 ] 51 root - INFO - Entered the save_object method of utils
[ 2023-03-25 11:52:57,248 ] 55 root - INFO - Exited the save_object method of utils
[ 2023-03-25 11:52:57,248 ] 141 root - INFO - Data transformation object DataTransformationArtifact(transform_object_path='/config/workspace/artifact/03252023__115216/data_transformation/transformer/transformer.pkl', transformed_train_path='/config/workspace/artifact/03252023__115216/data_transformation/transformed/train.npz', transformed_test_path='/config/workspace/artifact/03252023__115216/data_transformation/transformed/test.npz', target_encoder_path='/config/workspace/artifact/03252023__115216/data_transformation/target_encoder/target_encoder.pkl', input_feature_encoder_path='/config/workspace/artifact/03252023__115216/data_transformation/input_feature_encoder/input_target_encoder.pkl')
[ 2023-03-25 11:52:57,258 ] 18 root - INFO - >>>>>>>>>>>>>>>>>>>>>>>>>>>>>>>>>>>>>>>> Model Trainer <<<<<<<<<<<<<<<<<<<<<<<<<<<<<<<<<<<<<<<<
[ 2023-03-25 11:52:57,259 ] 69 root - INFO - loading test and train array
[ 2023-03-25 11:52:57,278 ] 73 root - INFO - Splitting input and target feature from both train and test arr.
[ 2023-03-25 11:52:57,278 ] 76 root - INFO - finding the best parameters
