[ 2023-03-25 20:49:30,311 ] 15 root - INFO - >>>>>>>>>>>>>>>>>>>>>>>>>>>>>>>>>>>>>>>> Data Ingestion <<<<<<<<<<<<<<<<<<<<<<<<<<<<<<<<<<<<<<<<
[ 2023-03-25 20:49:30,311 ] 22 root - INFO - Exporting collection data as pandas dataframe
[ 2023-03-25 20:49:30,311 ] 21 root - INFO - Reading data from database: adult and collection: census
[ 2023-03-25 20:49:30,760 ] 23 root - INFO - Found columns: Index(['_id', 'age', 'workclass', 'fnlwgt', 'education', 'education-num',
       'marital-status', 'occupation', 'relationship', 'race', 'sex',
       'capital-gain', 'capital-loss', 'hours-per-week', 'country', 'salary'],
      dtype='object')
[ 2023-03-25 20:49:30,760 ] 25 root - INFO - Dropping column: _id 
[ 2023-03-25 20:49:30,771 ] 27 root - INFO - Row and columns in df: (32561, 15)
[ 2023-03-25 20:49:30,771 ] 28 root - INFO - Save data in feature store
[ 2023-03-25 20:49:31,058 ] 45 root - INFO - Create feature store folder if not available
[ 2023-03-25 20:49:31,059 ] 49 root - INFO - Save df to feature store folder
[ 2023-03-25 20:49:31,265 ] 54 root - INFO - split dataset into train and test set
[ 2023-03-25 20:49:31,279 ] 58 root - INFO - create dataset directory folder if not available
[ 2023-03-25 20:49:31,279 ] 63 root - INFO - Save df to feature store folder
[ 2023-03-25 20:49:31,480 ] 75 root - INFO - Data ingestion artifact: DataIngestionArtifact(feature_store_file_path='/config/workspace/artifact/03252023__204930/data_ingestion/feature_store/census.csv', train_file_path='/config/workspace/artifact/03252023__204930/data_ingestion/dataset/train.csv', test_file_path='/config/workspace/artifact/03252023__204930/data_ingestion/dataset/test.csv')
[ 2023-03-25 20:49:31,495 ] 21 root - INFO - >>>>>>>>>>>>>>>>>>>>>>>>>>>>>>>>>>>>>>>> Data Validation <<<<<<<<<<<<<<<<<<<<<<<<<<<<<<<<<<<<<<<<
[ 2023-03-25 20:49:31,495 ] 109 root - INFO - Reading base dataframe
[ 2023-03-25 20:49:31,609 ] 113 root - INFO - Replace na value in base df
[ 2023-03-25 20:49:31,609 ] 115 root - INFO - Drop null values colums from base df
[ 2023-03-25 20:49:31,655 ] 44 root - INFO - selecting column name which contains null above to 0.2
[ 2023-03-25 20:49:31,656 ] 47 root - INFO - Columns to drop: []
[ 2023-03-25 20:49:31,983 ] 150 root - INFO - Reading train dataframe
[ 2023-03-25 20:49:32,129 ] 174 root - INFO - Reading test dataframe
[ 2023-03-25 20:49:32,175 ] 196 root - INFO - Drop null values colums from train df
[ 2023-03-25 20:49:32,176 ] 44 root - INFO - selecting column name which contains null above to 0.2
[ 2023-03-25 20:49:32,176 ] 47 root - INFO - Columns to drop: []
[ 2023-03-25 20:49:32,177 ] 198 root - INFO - Drop null values colums from test df
[ 2023-03-25 20:49:32,178 ] 44 root - INFO - selecting column name which contains null above to 0.2
[ 2023-03-25 20:49:32,178 ] 47 root - INFO - Columns to drop: []
[ 2023-03-25 20:49:32,191 ] 207 root - INFO - Is all required columns present in train df
[ 2023-03-25 20:49:32,191 ] 209 root - INFO - Is all required columns present in test df
[ 2023-03-25 20:49:32,191 ] 213 root - INFO - As all column are available in train df hence detecting data drift
[ 2023-03-25 20:49:32,192 ] 87 root - INFO - Hypothesis workclass: float64, float64 
[ 2023-03-25 20:49:32,223 ] 87 root - INFO - Hypothesis education: float64, float64 
[ 2023-03-25 20:49:32,253 ] 87 root - INFO - Hypothesis marital-status: float64, float64 
[ 2023-03-25 20:49:32,258 ] 87 root - INFO - Hypothesis occupation: float64, float64 
[ 2023-03-25 20:49:32,263 ] 87 root - INFO - Hypothesis relationship: float64, float64 
[ 2023-03-25 20:49:32,293 ] 87 root - INFO - Hypothesis race: float64, float64 
[ 2023-03-25 20:49:32,321 ] 87 root - INFO - Hypothesis sex: float64, float64 
[ 2023-03-25 20:49:32,350 ] 87 root - INFO - Hypothesis country: float64, float64 
[ 2023-03-25 20:49:32,378 ] 87 root - INFO - Hypothesis age: float64, float64 
[ 2023-03-25 20:49:32,384 ] 87 root - INFO - Hypothesis hours-per-week: float64, float64 
[ 2023-03-25 20:49:32,414 ] 216 root - INFO - As all column are available in test df hence detecting data drift
[ 2023-03-25 20:49:32,414 ] 87 root - INFO - Hypothesis workclass: float64, float64 
[ 2023-03-25 20:49:32,426 ] 87 root - INFO - Hypothesis education: float64, float64 
[ 2023-03-25 20:49:32,430 ] 87 root - INFO - Hypothesis marital-status: float64, float64 
[ 2023-03-25 20:49:32,433 ] 87 root - INFO - Hypothesis occupation: float64, float64 
[ 2023-03-25 20:49:32,441 ] 87 root - INFO - Hypothesis relationship: float64, float64 
[ 2023-03-25 20:49:32,444 ] 87 root - INFO - Hypothesis race: float64, float64 
[ 2023-03-25 20:49:32,456 ] 87 root - INFO - Hypothesis sex: float64, float64 
[ 2023-03-25 20:49:32,468 ] 87 root - INFO - Hypothesis country: float64, float64 
[ 2023-03-25 20:49:32,470 ] 87 root - INFO - Hypothesis age: float64, float64 
[ 2023-03-25 20:49:32,475 ] 87 root - INFO - Hypothesis hours-per-week: float64, float64 
[ 2023-03-25 20:49:32,478 ] 220 root - INFO - Write reprt in yaml file
[ 2023-03-25 20:49:32,484 ] 225 root - INFO - Data validation artifact: DataValidationArtifact(report_file_path='/config/workspace/artifact/03252023__204930/data_validation/report.yaml')
[ 2023-03-25 20:49:32,493 ] 21 root - INFO - >>>>>>>>>>>>>>>>>>>>>>>>>>>>>>>>>>>>>>>> Data Transformation <<<<<<<<<<<<<<<<<<<<<<<<<<<<<<<<<<<<<<<<
[ 2023-03-25 20:49:32,633 ] 104 root - INFO - Before resampling in training set Input: (24129, 10) Target:(24129,)
[ 2023-03-25 20:49:36,537 ] 106 root - INFO - After resampling in training set Input: (35178, 10) Target:(35178,)
[ 2023-03-25 20:49:36,537 ] 108 root - INFO - Before resampling in testing set Input: (6033, 10) Target:(6033,)
[ 2023-03-25 20:49:36,984 ] 110 root - INFO - After resampling in testing set Input: (8724, 10) Target:(8724,)
[ 2023-03-25 20:49:36,990 ] 51 root - INFO - Entered the save_object method of utils
[ 2023-03-25 20:49:36,993 ] 55 root - INFO - Exited the save_object method of utils
[ 2023-03-25 20:49:36,993 ] 51 root - INFO - Entered the save_object method of utils
[ 2023-03-25 20:49:36,993 ] 55 root - INFO - Exited the save_object method of utils
[ 2023-03-25 20:49:36,994 ] 51 root - INFO - Entered the save_object method of utils
[ 2023-03-25 20:49:36,995 ] 55 root - INFO - Exited the save_object method of utils
[ 2023-03-25 20:49:36,995 ] 141 root - INFO - Data transformation object DataTransformationArtifact(transform_object_path='/config/workspace/artifact/03252023__204930/data_transformation/transformer/transformer.pkl', transformed_train_path='/config/workspace/artifact/03252023__204930/data_transformation/transformed/train.npz', transformed_test_path='/config/workspace/artifact/03252023__204930/data_transformation/transformed/test.npz', target_encoder_path='/config/workspace/artifact/03252023__204930/data_transformation/target_encoder/target_encoder.pkl', input_feature_encoder_path='/config/workspace/artifact/03252023__204930/data_transformation/input_feature_encoder/input_target_encoder.pkl')
[ 2023-03-25 20:49:36,997 ] 16 root - INFO - >>>>>>>>>>>>>>>>>>>>>>>>>>>>>>>>>>>>>>>> Model Trainer <<<<<<<<<<<<<<<<<<<<<<<<<<<<<<<<<<<<<<<<
[ 2023-03-25 20:49:36,997 ] 35 root - INFO - Loading train and test array.
[ 2023-03-25 20:49:37,005 ] 39 root - INFO - Splitting input and target feature from both train and test arr.
[ 2023-03-25 20:49:37,005 ] 43 root - INFO - Train the model
[ 2023-03-25 20:49:37,005 ] 25 root - INFO - training the model with best params 
[ 2023-03-25 20:49:47,680 ] 46 root - INFO - Calculating f1 train score
[ 2023-03-25 20:49:49,651 ] 50 root - INFO - Calculating f1 test score
[ 2023-03-25 20:49:50,184 ] 54 root - INFO - train score:0.9125450196574383 and tests score 0.8617886178861788
[ 2023-03-25 20:49:50,184 ] 56 root - INFO - Checking if our model is underfitting or not
[ 2023-03-25 20:49:50,184 ] 61 root - INFO - Checking if our model is overfiiting or not
[ 2023-03-25 20:49:50,184 ] 68 root - INFO - Saving mode object
[ 2023-03-25 20:49:50,184 ] 51 root - INFO - Entered the save_object method of utils
[ 2023-03-25 20:49:50,401 ] 55 root - INFO - Exited the save_object method of utils
[ 2023-03-25 20:49:50,401 ] 72 root - INFO - Prepare the artifact
[ 2023-03-25 20:49:50,401 ] 75 root - INFO - Model trainer artifact: ModelTrainerArtifact(model_path='/config/workspace/artifact/03252023__204930/model_trainer/model/model.pkl', f1_train_score=0.9125450196574383, f1_test_score=0.8617886178861788)
