[ 2023-03-25 09:14:39,639 ] 15 root - INFO - >>>>>>>>>>>>>>>>>>>>>>>>>>>>>>>>>>>>>>>> Data Ingestion <<<<<<<<<<<<<<<<<<<<<<<<<<<<<<<<<<<<<<<<
[ 2023-03-25 09:14:39,639 ] 22 root - INFO - Exporting collection data as pandas dataframe
[ 2023-03-25 09:14:39,639 ] 21 root - INFO - Reading data from database: adult and collection: census
[ 2023-03-25 09:14:40,740 ] 23 root - INFO - Found columns: Index(['_id', 'age', 'workclass', 'fnlwgt', 'education', 'education-num',
       'marital-status', 'occupation', 'relationship', 'race', 'sex',
       'capital-gain', 'capital-loss', 'hours-per-week', 'country', 'salary'],
      dtype='object')
[ 2023-03-25 09:14:40,741 ] 25 root - INFO - Dropping column: _id 
[ 2023-03-25 09:14:40,800 ] 27 root - INFO - Row and columns in df: (32561, 15)
[ 2023-03-25 09:14:40,801 ] 28 root - INFO - Save data in feature store
[ 2023-03-25 09:14:41,979 ] 45 root - INFO - Create feature store folder if not available
[ 2023-03-25 09:14:41,981 ] 49 root - INFO - Save df to feature store folder
[ 2023-03-25 09:14:42,639 ] 54 root - INFO - split dataset into train and test set
[ 2023-03-25 09:14:42,695 ] 58 root - INFO - create dataset directory folder if not available
[ 2023-03-25 09:14:42,696 ] 63 root - INFO - Save df to feature store folder
[ 2023-03-25 09:14:43,240 ] 75 root - INFO - Data ingestion artifact: DataIngestionArtifact(feature_store_file_path='/config/workspace/artifact/03252023__091439/data_ingestion/feature_store/census.csv', train_file_path='/config/workspace/artifact/03252023__091439/data_ingestion/dataset/train.csv', test_file_path='/config/workspace/artifact/03252023__091439/data_ingestion/dataset/test.csv')
[ 2023-03-25 09:14:43,328 ] 21 root - INFO - >>>>>>>>>>>>>>>>>>>>>>>>>>>>>>>>>>>>>>>> Data Validation <<<<<<<<<<<<<<<<<<<<<<<<<<<<<<<<<<<<<<<<
[ 2023-03-25 09:14:43,329 ] 109 root - INFO - Reading base dataframe
[ 2023-03-25 09:14:43,633 ] 113 root - INFO - Replace na value in base df
[ 2023-03-25 09:14:43,635 ] 115 root - INFO - Drop null values colums from base df
[ 2023-03-25 09:14:43,721 ] 44 root - INFO - selecting column name which contains null above to 0.2
[ 2023-03-25 09:14:43,723 ] 47 root - INFO - Columns to drop: []
[ 2023-03-25 09:14:44,850 ] 150 root - INFO - Reading train dataframe
[ 2023-03-25 09:14:45,251 ] 174 root - INFO - Reading test dataframe
[ 2023-03-25 09:14:45,384 ] 196 root - INFO - Drop null values colums from train df
[ 2023-03-25 09:14:45,390 ] 44 root - INFO - selecting column name which contains null above to 0.2
[ 2023-03-25 09:14:45,392 ] 47 root - INFO - Columns to drop: []
[ 2023-03-25 09:14:45,396 ] 198 root - INFO - Drop null values colums from test df
[ 2023-03-25 09:14:45,400 ] 44 root - INFO - selecting column name which contains null above to 0.2
[ 2023-03-25 09:14:45,402 ] 47 root - INFO - Columns to drop: []
[ 2023-03-25 09:14:45,459 ] 207 root - INFO - Is all required columns present in train df
[ 2023-03-25 09:14:45,460 ] 209 root - INFO - Is all required columns present in test df
[ 2023-03-25 09:14:45,460 ] 213 root - INFO - As all column are available in train df hence detecting data drift
[ 2023-03-25 09:14:45,461 ] 87 root - INFO - Hypothesis workclass: float64, float64 
[ 2023-03-25 09:14:45,515 ] 87 root - INFO - Hypothesis education: float64, float64 
[ 2023-03-25 09:14:45,565 ] 87 root - INFO - Hypothesis marital-status: float64, float64 
[ 2023-03-25 09:14:45,576 ] 87 root - INFO - Hypothesis occupation: float64, float64 
[ 2023-03-25 09:14:45,588 ] 87 root - INFO - Hypothesis relationship: float64, float64 
[ 2023-03-25 09:14:45,641 ] 87 root - INFO - Hypothesis race: float64, float64 
[ 2023-03-25 09:14:45,690 ] 87 root - INFO - Hypothesis sex: float64, float64 
[ 2023-03-25 09:14:45,734 ] 87 root - INFO - Hypothesis country: float64, float64 
[ 2023-03-25 09:14:45,779 ] 87 root - INFO - Hypothesis age: float64, float64 
[ 2023-03-25 09:14:45,791 ] 87 root - INFO - Hypothesis hours-per-week: float64, float64 
[ 2023-03-25 09:14:45,844 ] 216 root - INFO - As all column are available in test df hence detecting data drift
[ 2023-03-25 09:14:45,845 ] 87 root - INFO - Hypothesis workclass: float64, float64 
[ 2023-03-25 09:14:45,867 ] 87 root - INFO - Hypothesis education: float64, float64 
[ 2023-03-25 09:14:45,875 ] 87 root - INFO - Hypothesis marital-status: float64, float64 
[ 2023-03-25 09:14:45,883 ] 87 root - INFO - Hypothesis occupation: float64, float64 
[ 2023-03-25 09:14:45,899 ] 87 root - INFO - Hypothesis relationship: float64, float64 
[ 2023-03-25 09:14:45,921 ] 87 root - INFO - Hypothesis race: float64, float64 
[ 2023-03-25 09:14:45,943 ] 87 root - INFO - Hypothesis sex: float64, float64 
[ 2023-03-25 09:14:45,965 ] 87 root - INFO - Hypothesis country: float64, float64 
[ 2023-03-25 09:14:45,971 ] 87 root - INFO - Hypothesis age: float64, float64 
[ 2023-03-25 09:14:45,980 ] 87 root - INFO - Hypothesis hours-per-week: float64, float64 
[ 2023-03-25 09:14:45,993 ] 220 root - INFO - Write reprt in yaml file
[ 2023-03-25 09:14:46,008 ] 225 root - INFO - Data validation artifact: DataValidationArtifact(report_file_path='/config/workspace/artifact/03252023__091439/data_validation/report.yaml')
[ 2023-03-25 09:14:46,060 ] 21 root - INFO - >>>>>>>>>>>>>>>>>>>>>>>>>>>>>>>>>>>>>>>> Data Transformation <<<<<<<<<<<<<<<<<<<<<<<<<<<<<<<<<<<<<<<<
[ 2023-03-25 09:14:46,440 ] 104 root - INFO - Before resampling in training set Input: (24129, 10) Target:(24129,)
[ 2023-03-25 09:15:19,982 ] 106 root - INFO - After resampling in training set Input: (35178, 10) Target:(35178,)
[ 2023-03-25 09:15:19,983 ] 108 root - INFO - Before resampling in testing set Input: (6033, 10) Target:(6033,)
[ 2023-03-25 09:15:21,188 ] 110 root - INFO - After resampling in testing set Input: (8724, 10) Target:(8724,)
[ 2023-03-25 09:15:21,215 ] 51 root - INFO - Entered the save_object method of utils
[ 2023-03-25 09:15:21,221 ] 55 root - INFO - Exited the save_object method of utils
[ 2023-03-25 09:15:21,221 ] 51 root - INFO - Entered the save_object method of utils
[ 2023-03-25 09:15:21,223 ] 55 root - INFO - Exited the save_object method of utils
[ 2023-03-25 09:15:21,224 ] 51 root - INFO - Entered the save_object method of utils
[ 2023-03-25 09:15:21,228 ] 55 root - INFO - Exited the save_object method of utils
[ 2023-03-25 09:15:21,229 ] 141 root - INFO - Data transformation object DataTransformationArtifact(transform_object_path='/config/workspace/artifact/03252023__091439/data_transformation/transformer/transformer.pkl', transformed_train_path='/config/workspace/artifact/03252023__091439/data_transformation/transformed/train.npz', transformed_test_path='/config/workspace/artifact/03252023__091439/data_transformation/transformed/test.npz', target_encoder_path='/config/workspace/artifact/03252023__091439/data_transformation/target_encoder/target_encoder.pkl', input_feature_encoder_path='/config/workspace/artifact/03252023__091439/data_transformation/input_feature_encoder/input_target_encoder.pkl')
[ 2023-03-25 09:15:21,234 ] 18 root - INFO - >>>>>>>>>>>>>>>>>>>>>>>>>>>>>>>>>>>>>>>> Model Trainer <<<<<<<<<<<<<<<<<<<<<<<<<<<<<<<<<<<<<<<<
[ 2023-03-25 09:15:21,234 ] 35 root - INFO - loading test and train array
[ 2023-03-25 09:15:21,252 ] 39 root - INFO - Splitting input and target feature from both train and test arr.
[ 2023-03-25 09:15:21,253 ] 43 root - INFO - Train the model
[ 2023-03-25 09:15:32,147 ] 47 root - INFO - Calculating f1 train score
[ 2023-03-25 09:15:33,932 ] 51 root - INFO - Calculating f1 test score
[ 2023-03-25 09:15:34,549 ] 55 root - INFO - train score:0.9780799503484076 and tests score 0.8404116881580503
[ 2023-03-25 09:15:34,550 ] 57 root - INFO - Checking if our model is underfitting or not
[ 2023-03-25 09:15:34,550 ] 62 root - INFO - Checking if our model is overfiiting or not
[ 2023-03-25 09:15:34,550 ] 69 root - INFO - Saving mode object
[ 2023-03-25 09:15:34,551 ] 51 root - INFO - Entered the save_object method of utils
[ 2023-03-25 09:15:35,244 ] 55 root - INFO - Exited the save_object method of utils
[ 2023-03-25 09:15:35,245 ] 73 root - INFO - Prepare the artifact
[ 2023-03-25 09:15:35,245 ] 76 root - INFO - Model trainer artifact: ModelTrainerArtifact(model_path='/config/workspace/artifact/03252023__091439/model_trainer/model/model.pkl', f1_train_score=0.9780799503484076, f1_test_score=0.8404116881580503)
