[ 2023-03-27 11:22:12,514 ] 15 root - INFO - >>>>>>>>>>>>>>>>>>>>>>>>>>>>>>>>>>>>>>>> Data Ingestion <<<<<<<<<<<<<<<<<<<<<<<<<<<<<<<<<<<<<<<<
[ 2023-03-27 11:22:12,514 ] 22 root - INFO - Exporting collection data as pandas dataframe
[ 2023-03-27 11:22:12,514 ] 21 root - INFO - Reading data from database: adult and collection: census
[ 2023-03-27 11:22:12,929 ] 23 root - INFO - Found columns: Index(['_id', 'age', 'workclass', 'fnlwgt', 'education', 'education-num',
       'marital-status', 'occupation', 'relationship', 'race', 'sex',
       'capital-gain', 'capital-loss', 'hours-per-week', 'country', 'salary'],
      dtype='object')
[ 2023-03-27 11:22:12,929 ] 25 root - INFO - Dropping column: _id 
[ 2023-03-27 11:22:12,939 ] 27 root - INFO - Row and columns in df: (32561, 15)
[ 2023-03-27 11:22:12,940 ] 28 root - INFO - Save data in feature store
[ 2023-03-27 11:22:13,218 ] 45 root - INFO - Create feature store folder if not available
[ 2023-03-27 11:22:13,218 ] 49 root - INFO - Save df to feature store folder
[ 2023-03-27 11:22:13,419 ] 54 root - INFO - split dataset into train and test set
[ 2023-03-27 11:22:13,431 ] 58 root - INFO - create dataset directory folder if not available
[ 2023-03-27 11:22:13,431 ] 63 root - INFO - Save df to feature store folder
[ 2023-03-27 11:22:13,638 ] 75 root - INFO - Data ingestion artifact: DataIngestionArtifact(feature_store_file_path='/config/workspace/artifact/03272023__112212/data_ingestion/feature_store/census.csv', train_file_path='/config/workspace/artifact/03272023__112212/data_ingestion/dataset/train.csv', test_file_path='/config/workspace/artifact/03272023__112212/data_ingestion/dataset/test.csv')
[ 2023-03-27 11:22:13,652 ] 21 root - INFO - >>>>>>>>>>>>>>>>>>>>>>>>>>>>>>>>>>>>>>>> Data Validation <<<<<<<<<<<<<<<<<<<<<<<<<<<<<<<<<<<<<<<<
[ 2023-03-27 11:22:13,652 ] 109 root - INFO - Reading base dataframe
[ 2023-03-27 11:22:13,761 ] 113 root - INFO - Replace na value in base df
[ 2023-03-27 11:22:13,761 ] 115 root - INFO - Drop null values colums from base df
[ 2023-03-27 11:22:13,807 ] 44 root - INFO - selecting column name which contains null above to 0.2
[ 2023-03-27 11:22:13,808 ] 47 root - INFO - Columns to drop: []
[ 2023-03-27 11:22:14,129 ] 150 root - INFO - Reading train dataframe
[ 2023-03-27 11:22:14,270 ] 174 root - INFO - Reading test dataframe
[ 2023-03-27 11:22:14,314 ] 196 root - INFO - Drop null values colums from train df
[ 2023-03-27 11:22:14,315 ] 44 root - INFO - selecting column name which contains null above to 0.2
[ 2023-03-27 11:22:14,316 ] 47 root - INFO - Columns to drop: []
[ 2023-03-27 11:22:14,317 ] 198 root - INFO - Drop null values colums from test df
[ 2023-03-27 11:22:14,318 ] 44 root - INFO - selecting column name which contains null above to 0.2
[ 2023-03-27 11:22:14,318 ] 47 root - INFO - Columns to drop: []
[ 2023-03-27 11:22:14,330 ] 207 root - INFO - Is all required columns present in train df
[ 2023-03-27 11:22:14,330 ] 209 root - INFO - Is all required columns present in test df
[ 2023-03-27 11:22:14,331 ] 213 root - INFO - As all column are available in train df hence detecting data drift
[ 2023-03-27 11:22:14,331 ] 87 root - INFO - Hypothesis workclass: float64, float64 
[ 2023-03-27 11:22:14,362 ] 87 root - INFO - Hypothesis education: float64, float64 
[ 2023-03-27 11:22:14,393 ] 87 root - INFO - Hypothesis marital-status: float64, float64 
[ 2023-03-27 11:22:14,397 ] 87 root - INFO - Hypothesis occupation: float64, float64 
[ 2023-03-27 11:22:14,402 ] 87 root - INFO - Hypothesis relationship: float64, float64 
[ 2023-03-27 11:22:14,433 ] 87 root - INFO - Hypothesis race: float64, float64 
[ 2023-03-27 11:22:14,461 ] 87 root - INFO - Hypothesis sex: float64, float64 
[ 2023-03-27 11:22:14,489 ] 87 root - INFO - Hypothesis country: float64, float64 
[ 2023-03-27 11:22:14,518 ] 87 root - INFO - Hypothesis age: float64, float64 
[ 2023-03-27 11:22:14,525 ] 87 root - INFO - Hypothesis hours-per-week: float64, float64 
[ 2023-03-27 11:22:14,555 ] 216 root - INFO - As all column are available in test df hence detecting data drift
[ 2023-03-27 11:22:14,555 ] 87 root - INFO - Hypothesis workclass: float64, float64 
[ 2023-03-27 11:22:14,569 ] 87 root - INFO - Hypothesis education: float64, float64 
[ 2023-03-27 11:22:14,574 ] 87 root - INFO - Hypothesis marital-status: float64, float64 
[ 2023-03-27 11:22:14,577 ] 87 root - INFO - Hypothesis occupation: float64, float64 
[ 2023-03-27 11:22:14,587 ] 87 root - INFO - Hypothesis relationship: float64, float64 
[ 2023-03-27 11:22:14,590 ] 87 root - INFO - Hypothesis race: float64, float64 
[ 2023-03-27 11:22:14,603 ] 87 root - INFO - Hypothesis sex: float64, float64 
[ 2023-03-27 11:22:14,615 ] 87 root - INFO - Hypothesis country: float64, float64 
[ 2023-03-27 11:22:14,618 ] 87 root - INFO - Hypothesis age: float64, float64 
[ 2023-03-27 11:22:14,622 ] 87 root - INFO - Hypothesis hours-per-week: float64, float64 
[ 2023-03-27 11:22:14,625 ] 220 root - INFO - Write reprt in yaml file
[ 2023-03-27 11:22:14,631 ] 225 root - INFO - Data validation artifact: DataValidationArtifact(report_file_path='/config/workspace/artifact/03272023__112212/data_validation/report.yaml')
[ 2023-03-27 11:22:14,639 ] 21 root - INFO - >>>>>>>>>>>>>>>>>>>>>>>>>>>>>>>>>>>>>>>> Data Transformation <<<<<<<<<<<<<<<<<<<<<<<<<<<<<<<<<<<<<<<<
[ 2023-03-27 11:22:14,773 ] 104 root - INFO - Before resampling in training set Input: (24129, 10) Target:(24129,)
[ 2023-03-27 11:22:18,676 ] 106 root - INFO - After resampling in training set Input: (35178, 10) Target:(35178,)
[ 2023-03-27 11:22:18,676 ] 108 root - INFO - Before resampling in testing set Input: (6033, 10) Target:(6033,)
[ 2023-03-27 11:22:19,128 ] 110 root - INFO - After resampling in testing set Input: (8724, 10) Target:(8724,)
[ 2023-03-27 11:22:19,134 ] 51 root - INFO - Entered the save_object method of utils
[ 2023-03-27 11:22:19,135 ] 55 root - INFO - Exited the save_object method of utils
[ 2023-03-27 11:22:19,135 ] 51 root - INFO - Entered the save_object method of utils
[ 2023-03-27 11:22:19,136 ] 55 root - INFO - Exited the save_object method of utils
[ 2023-03-27 11:22:19,136 ] 51 root - INFO - Entered the save_object method of utils
[ 2023-03-27 11:22:19,138 ] 55 root - INFO - Exited the save_object method of utils
[ 2023-03-27 11:22:19,138 ] 143 root - INFO - Data transformation object DataTransformationArtifact(transform_object_path='/config/workspace/artifact/03272023__112212/data_transformation/transformer/transformer.pkl', transformed_train_path='/config/workspace/artifact/03272023__112212/data_transformation/transformed/train.npz', transformed_test_path='/config/workspace/artifact/03272023__112212/data_transformation/transformed/test.npz', target_encoder_path='/config/workspace/artifact/03272023__112212/data_transformation/target_encoder/target_encoder.pkl', input_feature_encoder_path='/config/workspace/artifact/03272023__112212/data_transformation/input_feature_encoder/input_feature_encoder.pkl')
[ 2023-03-27 11:22:19,139 ] 16 root - INFO - >>>>>>>>>>>>>>>>>>>>>>>>>>>>>>>>>>>>>>>> Model Trainer <<<<<<<<<<<<<<<<<<<<<<<<<<<<<<<<<<<<<<<<
[ 2023-03-27 11:22:19,139 ] 35 root - INFO - Loading train and test array.
[ 2023-03-27 11:22:19,145 ] 39 root - INFO - Splitting input and target feature from both train and test arr.
[ 2023-03-27 11:22:19,146 ] 43 root - INFO - Train the model
[ 2023-03-27 11:22:19,146 ] 25 root - INFO - training the model with best params 
[ 2023-03-27 11:22:29,859 ] 46 root - INFO - Calculating f1 train score
[ 2023-03-27 11:22:31,827 ] 50 root - INFO - Calculating f1 test score
[ 2023-03-27 11:22:32,373 ] 54 root - INFO - train score:0.912859420528891 and tests score 0.8616217435434759
[ 2023-03-27 11:22:32,374 ] 56 root - INFO - Checking if our model is underfitting or not
[ 2023-03-27 11:22:32,374 ] 61 root - INFO - Checking if our model is overfiiting or not
[ 2023-03-27 11:22:32,374 ] 68 root - INFO - Saving mode object
[ 2023-03-27 11:22:32,374 ] 51 root - INFO - Entered the save_object method of utils
[ 2023-03-27 11:22:32,587 ] 55 root - INFO - Exited the save_object method of utils
[ 2023-03-27 11:22:32,587 ] 72 root - INFO - Prepare the artifact
[ 2023-03-27 11:22:32,588 ] 75 root - INFO - Model trainer artifact: ModelTrainerArtifact(model_path='/config/workspace/artifact/03272023__112212/model_trainer/model/model.pkl', f1_train_score=0.912859420528891, f1_test_score=0.8616217435434759)
[ 2023-03-27 11:22:32,588 ] 20 root - INFO - >>>>>>>>>>>>>>>>>>>>>>>>>>>>>>>>>>>>>>>>  Model Evaluation <<<<<<<<<<<<<<<<<<<<<<<<<<<<<<<<<<<<<<<<
[ 2023-03-27 11:22:32,588 ] 36 root - INFO - if saved model folder has model the we will compare which model is best trained or the model from saved model folder
[ 2023-03-27 11:22:32,589 ] 42 root - INFO - Model evaluation artifact: ModelEvaluationArtifact(is_model_accepted=True, improved_accuracy=None)
