[ 2023-03-27 11:10:05,150 ] 15 root - INFO - >>>>>>>>>>>>>>>>>>>>>>>>>>>>>>>>>>>>>>>> Data Ingestion <<<<<<<<<<<<<<<<<<<<<<<<<<<<<<<<<<<<<<<<
[ 2023-03-27 11:10:05,150 ] 22 root - INFO - Exporting collection data as pandas dataframe
[ 2023-03-27 11:10:05,150 ] 21 root - INFO - Reading data from database: adult and collection: census
[ 2023-03-27 11:10:05,674 ] 23 root - INFO - Found columns: Index(['_id', 'age', 'workclass', 'fnlwgt', 'education', 'education-num',
       'marital-status', 'occupation', 'relationship', 'race', 'sex',
       'capital-gain', 'capital-loss', 'hours-per-week', 'country', 'salary'],
      dtype='object')
[ 2023-03-27 11:10:05,675 ] 25 root - INFO - Dropping column: _id 
[ 2023-03-27 11:10:05,690 ] 27 root - INFO - Row and columns in df: (32561, 15)
[ 2023-03-27 11:10:05,690 ] 28 root - INFO - Save data in feature store
[ 2023-03-27 11:10:06,101 ] 45 root - INFO - Create feature store folder if not available
[ 2023-03-27 11:10:06,101 ] 49 root - INFO - Save df to feature store folder
[ 2023-03-27 11:10:06,370 ] 54 root - INFO - split dataset into train and test set
[ 2023-03-27 11:10:06,383 ] 58 root - INFO - create dataset directory folder if not available
[ 2023-03-27 11:10:06,383 ] 63 root - INFO - Save df to feature store folder
[ 2023-03-27 11:10:06,594 ] 75 root - INFO - Data ingestion artifact: DataIngestionArtifact(feature_store_file_path='/config/workspace/artifact/03272023__111005/data_ingestion/feature_store/census.csv', train_file_path='/config/workspace/artifact/03272023__111005/data_ingestion/dataset/train.csv', test_file_path='/config/workspace/artifact/03272023__111005/data_ingestion/dataset/test.csv')
[ 2023-03-27 11:10:06,608 ] 21 root - INFO - >>>>>>>>>>>>>>>>>>>>>>>>>>>>>>>>>>>>>>>> Data Validation <<<<<<<<<<<<<<<<<<<<<<<<<<<<<<<<<<<<<<<<
[ 2023-03-27 11:10:06,609 ] 109 root - INFO - Reading base dataframe
[ 2023-03-27 11:10:06,732 ] 113 root - INFO - Replace na value in base df
[ 2023-03-27 11:10:06,732 ] 115 root - INFO - Drop null values colums from base df
[ 2023-03-27 11:10:06,791 ] 44 root - INFO - selecting column name which contains null above to 0.2
[ 2023-03-27 11:10:06,792 ] 47 root - INFO - Columns to drop: []
[ 2023-03-27 11:10:07,201 ] 150 root - INFO - Reading train dataframe
[ 2023-03-27 11:10:07,369 ] 174 root - INFO - Reading test dataframe
[ 2023-03-27 11:10:07,415 ] 196 root - INFO - Drop null values colums from train df
[ 2023-03-27 11:10:07,417 ] 44 root - INFO - selecting column name which contains null above to 0.2
[ 2023-03-27 11:10:07,417 ] 47 root - INFO - Columns to drop: []
[ 2023-03-27 11:10:07,418 ] 198 root - INFO - Drop null values colums from test df
[ 2023-03-27 11:10:07,419 ] 44 root - INFO - selecting column name which contains null above to 0.2
[ 2023-03-27 11:10:07,419 ] 47 root - INFO - Columns to drop: []
[ 2023-03-27 11:10:07,432 ] 207 root - INFO - Is all required columns present in train df
[ 2023-03-27 11:10:07,432 ] 209 root - INFO - Is all required columns present in test df
[ 2023-03-27 11:10:07,432 ] 213 root - INFO - As all column are available in train df hence detecting data drift
[ 2023-03-27 11:10:07,433 ] 87 root - INFO - Hypothesis workclass: float64, float64 
[ 2023-03-27 11:10:07,465 ] 87 root - INFO - Hypothesis education: float64, float64 
[ 2023-03-27 11:10:07,496 ] 87 root - INFO - Hypothesis marital-status: float64, float64 
[ 2023-03-27 11:10:07,502 ] 87 root - INFO - Hypothesis occupation: float64, float64 
[ 2023-03-27 11:10:07,508 ] 87 root - INFO - Hypothesis relationship: float64, float64 
[ 2023-03-27 11:10:07,539 ] 87 root - INFO - Hypothesis race: float64, float64 
[ 2023-03-27 11:10:07,568 ] 87 root - INFO - Hypothesis sex: float64, float64 
[ 2023-03-27 11:10:07,597 ] 87 root - INFO - Hypothesis country: float64, float64 
[ 2023-03-27 11:10:07,626 ] 87 root - INFO - Hypothesis age: float64, float64 
[ 2023-03-27 11:10:07,633 ] 87 root - INFO - Hypothesis hours-per-week: float64, float64 
[ 2023-03-27 11:10:07,663 ] 216 root - INFO - As all column are available in test df hence detecting data drift
[ 2023-03-27 11:10:07,663 ] 87 root - INFO - Hypothesis workclass: float64, float64 
[ 2023-03-27 11:10:07,676 ] 87 root - INFO - Hypothesis education: float64, float64 
[ 2023-03-27 11:10:07,679 ] 87 root - INFO - Hypothesis marital-status: float64, float64 
[ 2023-03-27 11:10:07,683 ] 87 root - INFO - Hypothesis occupation: float64, float64 
[ 2023-03-27 11:10:07,691 ] 87 root - INFO - Hypothesis relationship: float64, float64 
[ 2023-03-27 11:10:07,695 ] 87 root - INFO - Hypothesis race: float64, float64 
[ 2023-03-27 11:10:07,707 ] 87 root - INFO - Hypothesis sex: float64, float64 
[ 2023-03-27 11:10:07,719 ] 87 root - INFO - Hypothesis country: float64, float64 
[ 2023-03-27 11:10:07,721 ] 87 root - INFO - Hypothesis age: float64, float64 
[ 2023-03-27 11:10:07,725 ] 87 root - INFO - Hypothesis hours-per-week: float64, float64 
[ 2023-03-27 11:10:07,729 ] 220 root - INFO - Write reprt in yaml file
[ 2023-03-27 11:10:07,735 ] 225 root - INFO - Data validation artifact: DataValidationArtifact(report_file_path='/config/workspace/artifact/03272023__111005/data_validation/report.yaml')
[ 2023-03-27 11:10:07,743 ] 21 root - INFO - >>>>>>>>>>>>>>>>>>>>>>>>>>>>>>>>>>>>>>>> Data Transformation <<<<<<<<<<<<<<<<<<<<<<<<<<<<<<<<<<<<<<<<
[ 2023-03-27 11:10:07,878 ] 104 root - INFO - Before resampling in training set Input: (24129, 10) Target:(24129,)
[ 2023-03-27 11:10:11,934 ] 106 root - INFO - After resampling in training set Input: (35178, 10) Target:(35178,)
[ 2023-03-27 11:10:11,935 ] 108 root - INFO - Before resampling in testing set Input: (6033, 10) Target:(6033,)
[ 2023-03-27 11:10:12,468 ] 110 root - INFO - After resampling in testing set Input: (8724, 10) Target:(8724,)
[ 2023-03-27 11:10:12,480 ] 51 root - INFO - Entered the save_object method of utils
[ 2023-03-27 11:10:12,484 ] 55 root - INFO - Exited the save_object method of utils
[ 2023-03-27 11:10:12,484 ] 51 root - INFO - Entered the save_object method of utils
[ 2023-03-27 11:10:12,485 ] 55 root - INFO - Exited the save_object method of utils
[ 2023-03-27 11:10:12,485 ] 51 root - INFO - Entered the save_object method of utils
[ 2023-03-27 11:10:12,489 ] 55 root - INFO - Exited the save_object method of utils
[ 2023-03-27 11:10:12,490 ] 143 root - INFO - Data transformation object DataTransformationArtifact(transform_object_path='/config/workspace/artifact/03272023__111005/data_transformation/transformer/transformer.pkl', transformed_train_path='/config/workspace/artifact/03272023__111005/data_transformation/transformed/train.npz', transformed_test_path='/config/workspace/artifact/03272023__111005/data_transformation/transformed/test.npz', target_encoder_path='/config/workspace/artifact/03272023__111005/data_transformation/target_encoder/target_encoder.pkl', input_feature_encoder_path='/config/workspace/artifact/03272023__111005/data_transformation/input_feature_encoder/input_feature_encoder.pkl')
[ 2023-03-27 11:10:12,493 ] 16 root - INFO - >>>>>>>>>>>>>>>>>>>>>>>>>>>>>>>>>>>>>>>> Model Trainer <<<<<<<<<<<<<<<<<<<<<<<<<<<<<<<<<<<<<<<<
[ 2023-03-27 11:10:12,493 ] 35 root - INFO - Loading train and test array.
[ 2023-03-27 11:10:12,508 ] 39 root - INFO - Splitting input and target feature from both train and test arr.
[ 2023-03-27 11:10:12,508 ] 43 root - INFO - Train the model
[ 2023-03-27 11:10:12,508 ] 25 root - INFO - training the model with best params 
[ 2023-03-27 11:10:23,469 ] 46 root - INFO - Calculating f1 train score
[ 2023-03-27 11:10:25,635 ] 50 root - INFO - Calculating f1 test score
[ 2023-03-27 11:10:26,309 ] 54 root - INFO - train score:0.9129646916698698 and tests score 0.8627406823555906
[ 2023-03-27 11:10:26,309 ] 56 root - INFO - Checking if our model is underfitting or not
[ 2023-03-27 11:10:26,309 ] 61 root - INFO - Checking if our model is overfiiting or not
[ 2023-03-27 11:10:26,310 ] 68 root - INFO - Saving mode object
[ 2023-03-27 11:10:26,310 ] 51 root - INFO - Entered the save_object method of utils
[ 2023-03-27 11:10:26,560 ] 55 root - INFO - Exited the save_object method of utils
[ 2023-03-27 11:10:26,560 ] 72 root - INFO - Prepare the artifact
[ 2023-03-27 11:10:26,560 ] 75 root - INFO - Model trainer artifact: ModelTrainerArtifact(model_path='/config/workspace/artifact/03272023__111005/model_trainer/model/model.pkl', f1_train_score=0.9129646916698698, f1_test_score=0.8627406823555906)
