[ 2023-03-29 16:44:33,563 ] 15 root - INFO - >>>>>>>>>>>>>>>>>>>>>>>>>>>>>>>>>>>>>>>> Data Ingestion <<<<<<<<<<<<<<<<<<<<<<<<<<<<<<<<<<<<<<<<
[ 2023-03-29 16:44:33,563 ] 22 root - INFO - Exporting collection data as pandas dataframe
[ 2023-03-29 16:44:33,563 ] 21 root - INFO - Reading data from database: adult and collection: census
[ 2023-03-29 16:44:34,293 ] 23 root - INFO - Found columns: Index(['_id', 'age', 'workclass', 'fnlwgt', 'education', 'education-num',
       'marital-status', 'occupation', 'relationship', 'race', 'sex',
       'capital-gain', 'capital-loss', 'hours-per-week', 'country', 'salary'],
      dtype='object')
[ 2023-03-29 16:44:34,293 ] 25 root - INFO - Dropping column: _id 
[ 2023-03-29 16:44:34,316 ] 27 root - INFO - Row and columns in df: (32561, 15)
[ 2023-03-29 16:44:34,316 ] 28 root - INFO - Save data in feature store
[ 2023-03-29 16:44:34,987 ] 45 root - INFO - Create feature store folder if not available
[ 2023-03-29 16:44:34,988 ] 49 root - INFO - Save df to feature store folder
[ 2023-03-29 16:44:35,395 ] 54 root - INFO - split dataset into train and test set
[ 2023-03-29 16:44:35,421 ] 58 root - INFO - create dataset directory folder if not available
[ 2023-03-29 16:44:35,422 ] 63 root - INFO - Save df to feature store folder
[ 2023-03-29 16:44:35,809 ] 75 root - INFO - Data ingestion artifact: DataIngestionArtifact(feature_store_file_path='/config/workspace/artifact/03292023__164433/data_ingestion/feature_store/census.csv', train_file_path='/config/workspace/artifact/03292023__164433/data_ingestion/dataset/train.csv', test_file_path='/config/workspace/artifact/03292023__164433/data_ingestion/dataset/test.csv')
[ 2023-03-29 16:44:35,847 ] 21 root - INFO - >>>>>>>>>>>>>>>>>>>>>>>>>>>>>>>>>>>>>>>> Data Validation <<<<<<<<<<<<<<<<<<<<<<<<<<<<<<<<<<<<<<<<
[ 2023-03-29 16:44:35,847 ] 109 root - INFO - Reading base dataframe
[ 2023-03-29 16:44:36,034 ] 113 root - INFO - Replace na value in base df
[ 2023-03-29 16:44:36,035 ] 115 root - INFO - Drop null values colums from base df
[ 2023-03-29 16:44:36,108 ] 44 root - INFO - selecting column name which contains null above to 0.2
[ 2023-03-29 16:44:36,110 ] 47 root - INFO - Columns to drop: []
[ 2023-03-29 16:44:36,742 ] 150 root - INFO - Reading train dataframe
[ 2023-03-29 16:44:36,998 ] 174 root - INFO - Reading test dataframe
[ 2023-03-29 16:44:37,085 ] 196 root - INFO - Drop null values colums from train df
[ 2023-03-29 16:44:37,088 ] 44 root - INFO - selecting column name which contains null above to 0.2
[ 2023-03-29 16:44:37,089 ] 47 root - INFO - Columns to drop: []
[ 2023-03-29 16:44:37,092 ] 198 root - INFO - Drop null values colums from test df
[ 2023-03-29 16:44:37,094 ] 44 root - INFO - selecting column name which contains null above to 0.2
[ 2023-03-29 16:44:37,095 ] 47 root - INFO - Columns to drop: []
[ 2023-03-29 16:44:37,121 ] 207 root - INFO - Is all required columns present in train df
[ 2023-03-29 16:44:37,122 ] 209 root - INFO - Is all required columns present in test df
[ 2023-03-29 16:44:37,122 ] 213 root - INFO - As all column are available in train df hence detecting data drift
[ 2023-03-29 16:44:37,122 ] 87 root - INFO - Hypothesis workclass: float64, float64 
[ 2023-03-29 16:44:37,164 ] 87 root - INFO - Hypothesis education: float64, float64 
[ 2023-03-29 16:44:37,206 ] 87 root - INFO - Hypothesis marital-status: float64, float64 
[ 2023-03-29 16:44:37,214 ] 87 root - INFO - Hypothesis occupation: float64, float64 
[ 2023-03-29 16:44:37,223 ] 87 root - INFO - Hypothesis relationship: float64, float64 
[ 2023-03-29 16:44:37,264 ] 87 root - INFO - Hypothesis race: float64, float64 
[ 2023-03-29 16:44:37,300 ] 87 root - INFO - Hypothesis sex: float64, float64 
[ 2023-03-29 16:44:37,338 ] 87 root - INFO - Hypothesis country: float64, float64 
[ 2023-03-29 16:44:37,376 ] 87 root - INFO - Hypothesis age: float64, float64 
[ 2023-03-29 16:44:37,386 ] 87 root - INFO - Hypothesis hours-per-week: float64, float64 
[ 2023-03-29 16:44:37,426 ] 216 root - INFO - As all column are available in test df hence detecting data drift
[ 2023-03-29 16:44:37,427 ] 87 root - INFO - Hypothesis workclass: float64, float64 
[ 2023-03-29 16:44:37,450 ] 87 root - INFO - Hypothesis education: float64, float64 
[ 2023-03-29 16:44:37,458 ] 87 root - INFO - Hypothesis marital-status: float64, float64 
[ 2023-03-29 16:44:37,463 ] 87 root - INFO - Hypothesis occupation: float64, float64 
[ 2023-03-29 16:44:37,477 ] 87 root - INFO - Hypothesis relationship: float64, float64 
[ 2023-03-29 16:44:37,483 ] 87 root - INFO - Hypothesis race: float64, float64 
[ 2023-03-29 16:44:37,500 ] 87 root - INFO - Hypothesis sex: float64, float64 
[ 2023-03-29 16:44:37,517 ] 87 root - INFO - Hypothesis country: float64, float64 
[ 2023-03-29 16:44:37,521 ] 87 root - INFO - Hypothesis age: float64, float64 
[ 2023-03-29 16:44:37,528 ] 87 root - INFO - Hypothesis hours-per-week: float64, float64 
[ 2023-03-29 16:44:37,534 ] 220 root - INFO - Write reprt in yaml file
[ 2023-03-29 16:44:37,546 ] 225 root - INFO - Data validation artifact: DataValidationArtifact(report_file_path='/config/workspace/artifact/03292023__164433/data_validation/report.yaml')
[ 2023-03-29 16:44:37,569 ] 21 root - INFO - >>>>>>>>>>>>>>>>>>>>>>>>>>>>>>>>>>>>>>>> Data Transformation <<<<<<<<<<<<<<<<<<<<<<<<<<<<<<<<<<<<<<<<
[ 2023-03-29 16:44:37,818 ] 104 root - INFO - Before resampling in training set Input: (24129, 10) Target:(24129,)
[ 2023-03-29 16:44:51,024 ] 106 root - INFO - After resampling in training set Input: (35178, 10) Target:(35178,)
[ 2023-03-29 16:44:51,025 ] 108 root - INFO - Before resampling in testing set Input: (6033, 10) Target:(6033,)
[ 2023-03-29 16:44:51,853 ] 110 root - INFO - After resampling in testing set Input: (8724, 10) Target:(8724,)
[ 2023-03-29 16:44:51,867 ] 51 root - INFO - Entered the save_object method of utils
[ 2023-03-29 16:44:51,870 ] 55 root - INFO - Exited the save_object method of utils
[ 2023-03-29 16:44:51,871 ] 51 root - INFO - Entered the save_object method of utils
[ 2023-03-29 16:44:51,872 ] 55 root - INFO - Exited the save_object method of utils
[ 2023-03-29 16:44:51,872 ] 51 root - INFO - Entered the save_object method of utils
[ 2023-03-29 16:44:51,875 ] 55 root - INFO - Exited the save_object method of utils
[ 2023-03-29 16:44:51,876 ] 143 root - INFO - Data transformation object DataTransformationArtifact(transform_object_path='/config/workspace/artifact/03292023__164433/data_transformation/transformer/transformer.pkl', transformed_train_path='/config/workspace/artifact/03292023__164433/data_transformation/transformed/train.npz', transformed_test_path='/config/workspace/artifact/03292023__164433/data_transformation/transformed/test.npz', target_encoder_path='/config/workspace/artifact/03292023__164433/data_transformation/target_encoder/target_encoder.pkl', input_feature_encoder_path='/config/workspace/artifact/03292023__164433/data_transformation/input_feature_encoder/input_feature_encoder.pkl')
[ 2023-03-29 16:44:51,878 ] 16 root - INFO - >>>>>>>>>>>>>>>>>>>>>>>>>>>>>>>>>>>>>>>> Model Trainer <<<<<<<<<<<<<<<<<<<<<<<<<<<<<<<<<<<<<<<<
[ 2023-03-29 16:44:51,879 ] 35 root - INFO - Loading train and test array.
[ 2023-03-29 16:44:51,890 ] 39 root - INFO - Splitting input and target feature from both train and test arr.
[ 2023-03-29 16:44:51,891 ] 43 root - INFO - Train the model
[ 2023-03-29 16:44:51,891 ] 25 root - INFO - training the model with best params 
[ 2023-03-29 16:45:09,568 ] 46 root - INFO - Calculating f1 train score
[ 2023-03-29 16:45:12,376 ] 50 root - INFO - Calculating f1 test score
[ 2023-03-29 16:45:13,211 ] 54 root - INFO - train score:0.9121304455241702 and tests score 0.8615245827695084
[ 2023-03-29 16:45:13,212 ] 56 root - INFO - Checking if our model is underfitting or not
[ 2023-03-29 16:45:13,212 ] 61 root - INFO - Checking if our model is overfiiting or not
[ 2023-03-29 16:45:13,212 ] 68 root - INFO - Saving mode object
[ 2023-03-29 16:45:13,212 ] 51 root - INFO - Entered the save_object method of utils
[ 2023-03-29 16:45:13,713 ] 55 root - INFO - Exited the save_object method of utils
[ 2023-03-29 16:45:13,713 ] 72 root - INFO - Prepare the artifact
[ 2023-03-29 16:45:13,714 ] 75 root - INFO - Model trainer artifact: ModelTrainerArtifact(model_path='/config/workspace/artifact/03292023__164433/model_trainer/model/model.pkl', f1_train_score=0.9121304455241702, f1_test_score=0.8615245827695084)
[ 2023-03-29 16:45:13,715 ] 20 root - INFO - >>>>>>>>>>>>>>>>>>>>>>>>>>>>>>>>>>>>>>>>  Model Evaluation <<<<<<<<<<<<<<<<<<<<<<<<<<<<<<<<<<<<<<<<
[ 2023-03-29 16:45:13,715 ] 36 root - INFO - if saved model folder has model the we will compare which model is best trained or the model from saved model folder
[ 2023-03-29 16:45:13,715 ] 42 root - INFO - Model evaluation artifact: ModelEvaluationArtifact(is_model_accepted=True, improved_accuracy=None)
