[ 2023-04-13 09:43:08,718 ] 15 root - INFO - >>>>>>>>>>>>>>>>>>>>>>>>>>>>>>>>>>>>>>>> Data Ingestion <<<<<<<<<<<<<<<<<<<<<<<<<<<<<<<<<<<<<<<<
[ 2023-04-13 09:43:08,718 ] 22 root - INFO - Exporting collection data as pandas dataframe
[ 2023-04-13 09:43:08,718 ] 21 root - INFO - Reading data from database: adult and collection: census
[ 2023-04-13 09:43:09,169 ] 23 root - INFO - Found columns: Index(['_id', 'age', 'workclass', 'fnlwgt', 'education', 'education-num',
       'marital-status', 'occupation', 'relationship', 'race', 'sex',
       'capital-gain', 'capital-loss', 'hours-per-week', 'country', 'salary'],
      dtype='object')
[ 2023-04-13 09:43:09,169 ] 25 root - INFO - Dropping column: _id 
[ 2023-04-13 09:43:09,180 ] 27 root - INFO - Row and columns in df: (32561, 15)
[ 2023-04-13 09:43:09,180 ] 28 root - INFO - Save data in feature store
[ 2023-04-13 09:43:09,507 ] 45 root - INFO - Create feature store folder if not available
[ 2023-04-13 09:43:09,508 ] 49 root - INFO - Save df to feature store folder
[ 2023-04-13 09:43:09,678 ] 54 root - INFO - split dataset into train and test set
[ 2023-04-13 09:43:09,702 ] 58 root - INFO - create dataset directory folder if not available
[ 2023-04-13 09:43:09,702 ] 63 root - INFO - Save df to feature store folder
[ 2023-04-13 09:43:09,894 ] 75 root - INFO - Data ingestion artifact: DataIngestionArtifact(feature_store_file_path='/config/workspace/artifact/04132023__094308/data_ingestion/feature_store/census.csv', train_file_path='/config/workspace/artifact/04132023__094308/data_ingestion/dataset/train.csv', test_file_path='/config/workspace/artifact/04132023__094308/data_ingestion/dataset/test.csv')
[ 2023-04-13 09:43:09,915 ] 21 root - INFO - >>>>>>>>>>>>>>>>>>>>>>>>>>>>>>>>>>>>>>>> Data Validation <<<<<<<<<<<<<<<<<<<<<<<<<<<<<<<<<<<<<<<<
[ 2023-04-13 09:43:09,915 ] 109 root - INFO - Reading base dataframe
[ 2023-04-13 09:43:10,009 ] 113 root - INFO - Replace na value in base df
[ 2023-04-13 09:43:10,009 ] 115 root - INFO - Drop null values colums from base df
[ 2023-04-13 09:43:10,022 ] 44 root - INFO - selecting column name which contains null above to 0.2
[ 2023-04-13 09:43:10,022 ] 47 root - INFO - Columns to drop: []
[ 2023-04-13 09:43:10,356 ] 150 root - INFO - Reading train dataframe
[ 2023-04-13 09:43:10,503 ] 174 root - INFO - Reading test dataframe
[ 2023-04-13 09:43:10,547 ] 196 root - INFO - Drop null values colums from train df
[ 2023-04-13 09:43:10,549 ] 44 root - INFO - selecting column name which contains null above to 0.2
[ 2023-04-13 09:43:10,549 ] 47 root - INFO - Columns to drop: []
[ 2023-04-13 09:43:10,550 ] 198 root - INFO - Drop null values colums from test df
[ 2023-04-13 09:43:10,551 ] 44 root - INFO - selecting column name which contains null above to 0.2
[ 2023-04-13 09:43:10,551 ] 47 root - INFO - Columns to drop: []
[ 2023-04-13 09:43:10,563 ] 207 root - INFO - Is all required columns present in train df
[ 2023-04-13 09:43:10,563 ] 209 root - INFO - Is all required columns present in test df
[ 2023-04-13 09:43:10,564 ] 213 root - INFO - As all column are available in train df hence detecting data drift
[ 2023-04-13 09:43:10,564 ] 87 root - INFO - Hypothesis workclass: float64, float64 
[ 2023-04-13 09:43:10,593 ] 87 root - INFO - Hypothesis education: float64, float64 
[ 2023-04-13 09:43:10,623 ] 87 root - INFO - Hypothesis marital-status: float64, float64 
[ 2023-04-13 09:43:10,628 ] 87 root - INFO - Hypothesis occupation: float64, float64 
[ 2023-04-13 09:43:10,633 ] 87 root - INFO - Hypothesis relationship: float64, float64 
[ 2023-04-13 09:43:10,663 ] 87 root - INFO - Hypothesis race: float64, float64 
[ 2023-04-13 09:43:10,691 ] 87 root - INFO - Hypothesis sex: float64, float64 
[ 2023-04-13 09:43:10,720 ] 87 root - INFO - Hypothesis country: float64, float64 
[ 2023-04-13 09:43:10,748 ] 87 root - INFO - Hypothesis age: float64, float64 
[ 2023-04-13 09:43:10,754 ] 87 root - INFO - Hypothesis hours-per-week: float64, float64 
[ 2023-04-13 09:43:10,784 ] 216 root - INFO - As all column are available in test df hence detecting data drift
[ 2023-04-13 09:43:10,784 ] 87 root - INFO - Hypothesis workclass: float64, float64 
[ 2023-04-13 09:43:10,796 ] 87 root - INFO - Hypothesis education: float64, float64 
[ 2023-04-13 09:43:10,800 ] 87 root - INFO - Hypothesis marital-status: float64, float64 
[ 2023-04-13 09:43:10,803 ] 87 root - INFO - Hypothesis occupation: float64, float64 
[ 2023-04-13 09:43:10,811 ] 87 root - INFO - Hypothesis relationship: float64, float64 
[ 2023-04-13 09:43:10,815 ] 87 root - INFO - Hypothesis race: float64, float64 
[ 2023-04-13 09:43:10,826 ] 87 root - INFO - Hypothesis sex: float64, float64 
[ 2023-04-13 09:43:10,838 ] 87 root - INFO - Hypothesis country: float64, float64 
[ 2023-04-13 09:43:10,840 ] 87 root - INFO - Hypothesis age: float64, float64 
[ 2023-04-13 09:43:10,845 ] 87 root - INFO - Hypothesis hours-per-week: float64, float64 
[ 2023-04-13 09:43:10,848 ] 220 root - INFO - Write reprt in yaml file
[ 2023-04-13 09:43:10,854 ] 225 root - INFO - Data validation artifact: DataValidationArtifact(report_file_path='/config/workspace/artifact/04132023__094308/data_validation/report.yaml')
[ 2023-04-13 09:43:10,863 ] 21 root - INFO - >>>>>>>>>>>>>>>>>>>>>>>>>>>>>>>>>>>>>>>> Data Transformation <<<<<<<<<<<<<<<<<<<<<<<<<<<<<<<<<<<<<<<<
[ 2023-04-13 09:43:10,997 ] 104 root - INFO - Before resampling in training set Input: (24129, 10) Target:(24129,)
[ 2023-04-13 09:43:14,905 ] 106 root - INFO - After resampling in training set Input: (35178, 10) Target:(35178,)
[ 2023-04-13 09:43:14,905 ] 108 root - INFO - Before resampling in testing set Input: (6033, 10) Target:(6033,)
[ 2023-04-13 09:43:15,353 ] 110 root - INFO - After resampling in testing set Input: (8724, 10) Target:(8724,)
[ 2023-04-13 09:43:15,361 ] 51 root - INFO - Entered the save_object method of utils
[ 2023-04-13 09:43:15,363 ] 55 root - INFO - Exited the save_object method of utils
[ 2023-04-13 09:43:15,363 ] 51 root - INFO - Entered the save_object method of utils
[ 2023-04-13 09:43:15,364 ] 55 root - INFO - Exited the save_object method of utils
[ 2023-04-13 09:43:15,364 ] 51 root - INFO - Entered the save_object method of utils
[ 2023-04-13 09:43:15,366 ] 55 root - INFO - Exited the save_object method of utils
[ 2023-04-13 09:43:15,366 ] 143 root - INFO - Data transformation object DataTransformationArtifact(transform_object_path='/config/workspace/artifact/04132023__094308/data_transformation/transformer/transformer.pkl', transformed_train_path='/config/workspace/artifact/04132023__094308/data_transformation/transformed/train.npz', transformed_test_path='/config/workspace/artifact/04132023__094308/data_transformation/transformed/test.npz', target_encoder_path='/config/workspace/artifact/04132023__094308/data_transformation/target_encoder/target_encoder.pkl', input_feature_encoder_path='/config/workspace/artifact/04132023__094308/data_transformation/input_feature_encoder/input_feature_encoder.pkl')
[ 2023-04-13 09:43:15,368 ] 16 root - INFO - >>>>>>>>>>>>>>>>>>>>>>>>>>>>>>>>>>>>>>>> Model Trainer <<<<<<<<<<<<<<<<<<<<<<<<<<<<<<<<<<<<<<<<
[ 2023-04-13 09:43:15,368 ] 35 root - INFO - Loading train and test array.
[ 2023-04-13 09:43:15,375 ] 39 root - INFO - Splitting input and target feature from both train and test arr.
[ 2023-04-13 09:43:15,375 ] 43 root - INFO - Train the model
[ 2023-04-13 09:43:15,375 ] 25 root - INFO - training the model with best params 
[ 2023-04-13 09:43:26,716 ] 46 root - INFO - Calculating f1 train score
[ 2023-04-13 09:43:28,670 ] 50 root - INFO - Calculating f1 test score
[ 2023-04-13 09:43:29,192 ] 54 root - INFO - train score:0.9122652904359284 and tests score 0.8633239436619717
[ 2023-04-13 09:43:29,192 ] 56 root - INFO - Checking if our model is underfitting or not
[ 2023-04-13 09:43:29,193 ] 61 root - INFO - Checking if our model is overfiiting or not
[ 2023-04-13 09:43:29,193 ] 68 root - INFO - Saving mode object
[ 2023-04-13 09:43:29,193 ] 51 root - INFO - Entered the save_object method of utils
[ 2023-04-13 09:43:29,403 ] 55 root - INFO - Exited the save_object method of utils
[ 2023-04-13 09:43:29,403 ] 72 root - INFO - Prepare the artifact
[ 2023-04-13 09:43:29,404 ] 75 root - INFO - Model trainer artifact: ModelTrainerArtifact(model_path='/config/workspace/artifact/04132023__094308/model_trainer/model/model.pkl', f1_train_score=0.9122652904359284, f1_test_score=0.8633239436619717)
[ 2023-04-13 09:43:29,404 ] 20 root - INFO - >>>>>>>>>>>>>>>>>>>>>>>>>>>>>>>>>>>>>>>>  Model Evaluation <<<<<<<<<<<<<<<<<<<<<<<<<<<<<<<<<<<<<<<<
[ 2023-04-13 09:43:29,404 ] 36 root - INFO - if saved model folder has model the we will compare which model is best trained or the model from saved model folder
[ 2023-04-13 09:43:29,404 ] 42 root - INFO - Model evaluation artifact: ModelEvaluationArtifact(is_model_accepted=True, improved_accuracy=None)
