[ 2023-05-17 07:47:12,926 ] 15 root - INFO - >>>>>>>>>>>>>>>>>>>>>>>>>>>>>>>>>>>>>>>> Data Ingestion <<<<<<<<<<<<<<<<<<<<<<<<<<<<<<<<<<<<<<<<
[ 2023-05-17 07:47:12,926 ] 22 root - INFO - Exporting collection data as pandas dataframe
[ 2023-05-17 07:47:12,926 ] 21 root - INFO - Reading data from database: adult and collection: census
[ 2023-05-17 07:47:13,371 ] 23 root - INFO - Found columns: Index(['_id', 'age', 'workclass', 'fnlwgt', 'education', 'education-num',
       'marital-status', 'occupation', 'relationship', 'race', 'sex',
       'capital-gain', 'capital-loss', 'hours-per-week', 'country', 'salary'],
      dtype='object')
[ 2023-05-17 07:47:13,372 ] 25 root - INFO - Dropping column: _id 
[ 2023-05-17 07:47:13,382 ] 27 root - INFO - Row and columns in df: (32561, 15)
[ 2023-05-17 07:47:13,383 ] 28 root - INFO - Save data in feature store
[ 2023-05-17 07:47:13,692 ] 45 root - INFO - Create feature store folder if not available
[ 2023-05-17 07:47:13,692 ] 49 root - INFO - Save df to feature store folder
[ 2023-05-17 07:47:13,856 ] 54 root - INFO - split dataset into train and test set
[ 2023-05-17 07:47:13,877 ] 58 root - INFO - create dataset directory folder if not available
[ 2023-05-17 07:47:13,877 ] 63 root - INFO - Save df to feature store folder
[ 2023-05-17 07:47:14,048 ] 75 root - INFO - Data ingestion artifact: DataIngestionArtifact(feature_store_file_path='/config/workspace/artifact/05172023__074712/data_ingestion/feature_store/census.csv', train_file_path='/config/workspace/artifact/05172023__074712/data_ingestion/dataset/train.csv', test_file_path='/config/workspace/artifact/05172023__074712/data_ingestion/dataset/test.csv')
[ 2023-05-17 07:47:14,063 ] 21 root - INFO - >>>>>>>>>>>>>>>>>>>>>>>>>>>>>>>>>>>>>>>> Data Validation <<<<<<<<<<<<<<<<<<<<<<<<<<<<<<<<<<<<<<<<
[ 2023-05-17 07:47:14,063 ] 109 root - INFO - Reading base dataframe
[ 2023-05-17 07:47:14,147 ] 113 root - INFO - Replace na value in base df
[ 2023-05-17 07:47:14,147 ] 115 root - INFO - Drop null values colums from base df
[ 2023-05-17 07:47:14,159 ] 44 root - INFO - selecting column name which contains null above to 0.2
[ 2023-05-17 07:47:14,160 ] 47 root - INFO - Columns to drop: []
[ 2023-05-17 07:47:14,493 ] 150 root - INFO - Reading train dataframe
[ 2023-05-17 07:47:14,632 ] 174 root - INFO - Reading test dataframe
[ 2023-05-17 07:47:14,674 ] 196 root - INFO - Drop null values colums from train df
[ 2023-05-17 07:47:14,675 ] 44 root - INFO - selecting column name which contains null above to 0.2
[ 2023-05-17 07:47:14,676 ] 47 root - INFO - Columns to drop: []
[ 2023-05-17 07:47:14,676 ] 198 root - INFO - Drop null values colums from test df
[ 2023-05-17 07:47:14,677 ] 44 root - INFO - selecting column name which contains null above to 0.2
[ 2023-05-17 07:47:14,677 ] 47 root - INFO - Columns to drop: []
[ 2023-05-17 07:47:14,689 ] 207 root - INFO - Is all required columns present in train df
[ 2023-05-17 07:47:14,689 ] 209 root - INFO - Is all required columns present in test df
[ 2023-05-17 07:47:14,689 ] 213 root - INFO - As all column are available in train df hence detecting data drift
[ 2023-05-17 07:47:14,689 ] 87 root - INFO - Hypothesis workclass: float64, float64 
[ 2023-05-17 07:47:14,720 ] 87 root - INFO - Hypothesis education: float64, float64 
[ 2023-05-17 07:47:14,750 ] 87 root - INFO - Hypothesis marital-status: float64, float64 
[ 2023-05-17 07:47:14,755 ] 87 root - INFO - Hypothesis occupation: float64, float64 
[ 2023-05-17 07:47:14,760 ] 87 root - INFO - Hypothesis relationship: float64, float64 
[ 2023-05-17 07:47:14,791 ] 87 root - INFO - Hypothesis race: float64, float64 
[ 2023-05-17 07:47:14,820 ] 87 root - INFO - Hypothesis sex: float64, float64 
[ 2023-05-17 07:47:14,850 ] 87 root - INFO - Hypothesis country: float64, float64 
[ 2023-05-17 07:47:14,879 ] 87 root - INFO - Hypothesis age: float64, float64 
[ 2023-05-17 07:47:14,885 ] 87 root - INFO - Hypothesis hours-per-week: float64, float64 
[ 2023-05-17 07:47:14,916 ] 216 root - INFO - As all column are available in test df hence detecting data drift
[ 2023-05-17 07:47:14,916 ] 87 root - INFO - Hypothesis workclass: float64, float64 
[ 2023-05-17 07:47:14,929 ] 87 root - INFO - Hypothesis education: float64, float64 
[ 2023-05-17 07:47:14,932 ] 87 root - INFO - Hypothesis marital-status: float64, float64 
[ 2023-05-17 07:47:14,935 ] 87 root - INFO - Hypothesis occupation: float64, float64 
[ 2023-05-17 07:47:14,944 ] 87 root - INFO - Hypothesis relationship: float64, float64 
[ 2023-05-17 07:47:14,947 ] 87 root - INFO - Hypothesis race: float64, float64 
[ 2023-05-17 07:47:14,959 ] 87 root - INFO - Hypothesis sex: float64, float64 
[ 2023-05-17 07:47:14,971 ] 87 root - INFO - Hypothesis country: float64, float64 
[ 2023-05-17 07:47:14,973 ] 87 root - INFO - Hypothesis age: float64, float64 
[ 2023-05-17 07:47:14,977 ] 87 root - INFO - Hypothesis hours-per-week: float64, float64 
[ 2023-05-17 07:47:14,981 ] 220 root - INFO - Write reprt in yaml file
[ 2023-05-17 07:47:14,987 ] 225 root - INFO - Data validation artifact: DataValidationArtifact(report_file_path='/config/workspace/artifact/05172023__074712/data_validation/report.yaml')
[ 2023-05-17 07:47:14,994 ] 21 root - INFO - >>>>>>>>>>>>>>>>>>>>>>>>>>>>>>>>>>>>>>>> Data Transformation <<<<<<<<<<<<<<<<<<<<<<<<<<<<<<<<<<<<<<<<
[ 2023-05-17 07:47:15,125 ] 104 root - INFO - Before resampling in training set Input: (24129, 10) Target:(24129,)
[ 2023-05-17 07:47:18,990 ] 106 root - INFO - After resampling in training set Input: (35178, 10) Target:(35178,)
[ 2023-05-17 07:47:18,991 ] 108 root - INFO - Before resampling in testing set Input: (6033, 10) Target:(6033,)
[ 2023-05-17 07:47:19,445 ] 110 root - INFO - After resampling in testing set Input: (8724, 10) Target:(8724,)
[ 2023-05-17 07:47:19,452 ] 51 root - INFO - Entered the save_object method of utils
[ 2023-05-17 07:47:19,455 ] 55 root - INFO - Exited the save_object method of utils
[ 2023-05-17 07:47:19,455 ] 51 root - INFO - Entered the save_object method of utils
[ 2023-05-17 07:47:19,455 ] 55 root - INFO - Exited the save_object method of utils
[ 2023-05-17 07:47:19,455 ] 51 root - INFO - Entered the save_object method of utils
[ 2023-05-17 07:47:19,457 ] 55 root - INFO - Exited the save_object method of utils
[ 2023-05-17 07:47:19,457 ] 143 root - INFO - Data transformation object DataTransformationArtifact(transform_object_path='/config/workspace/artifact/05172023__074712/data_transformation/transformer/transformer.pkl', transformed_train_path='/config/workspace/artifact/05172023__074712/data_transformation/transformed/train.npz', transformed_test_path='/config/workspace/artifact/05172023__074712/data_transformation/transformed/test.npz', target_encoder_path='/config/workspace/artifact/05172023__074712/data_transformation/target_encoder/target_encoder.pkl', input_feature_encoder_path='/config/workspace/artifact/05172023__074712/data_transformation/input_feature_encoder/input_feature_encoder.pkl')
[ 2023-05-17 07:47:19,459 ] 16 root - INFO - >>>>>>>>>>>>>>>>>>>>>>>>>>>>>>>>>>>>>>>> Model Trainer <<<<<<<<<<<<<<<<<<<<<<<<<<<<<<<<<<<<<<<<
[ 2023-05-17 07:47:19,459 ] 35 root - INFO - Loading train and test array.
[ 2023-05-17 07:47:19,466 ] 39 root - INFO - Splitting input and target feature from both train and test arr.
[ 2023-05-17 07:47:19,466 ] 43 root - INFO - Train the model
[ 2023-05-17 07:47:19,466 ] 25 root - INFO - training the model with best params 
[ 2023-05-17 07:47:29,913 ] 46 root - INFO - Calculating f1 train score
[ 2023-05-17 07:47:31,861 ] 50 root - INFO - Calculating f1 test score
[ 2023-05-17 07:47:32,388 ] 54 root - INFO - train score:0.9128452962820582 and tests score 0.8632979923302503
[ 2023-05-17 07:47:32,388 ] 56 root - INFO - Checking if our model is underfitting or not
[ 2023-05-17 07:47:32,388 ] 61 root - INFO - Checking if our model is overfiiting or not
[ 2023-05-17 07:47:32,388 ] 68 root - INFO - Saving mode object
[ 2023-05-17 07:47:32,388 ] 51 root - INFO - Entered the save_object method of utils
[ 2023-05-17 07:47:32,601 ] 55 root - INFO - Exited the save_object method of utils
[ 2023-05-17 07:47:32,601 ] 72 root - INFO - Prepare the artifact
[ 2023-05-17 07:47:32,601 ] 75 root - INFO - Model trainer artifact: ModelTrainerArtifact(model_path='/config/workspace/artifact/05172023__074712/model_trainer/model/model.pkl', f1_train_score=0.9128452962820582, f1_test_score=0.8632979923302503)
[ 2023-05-17 07:47:32,601 ] 20 root - INFO - >>>>>>>>>>>>>>>>>>>>>>>>>>>>>>>>>>>>>>>>  Model Evaluation <<<<<<<<<<<<<<<<<<<<<<<<<<<<<<<<<<<<<<<<
[ 2023-05-17 07:47:32,602 ] 36 root - INFO - if saved model folder has model the we will compare which model is best trained or the model from saved model folder
[ 2023-05-17 07:47:32,602 ] 47 root - INFO - Finding location of transformer model and target encoder
[ 2023-05-17 07:47:32,602 ] 54 root - INFO - Previous trained objects of transformer, model and target encoder
[ 2023-05-17 07:47:32,644 ] 64 root - INFO - Currently trained model objects
[ 2023-05-17 07:47:33,109 ] 102 root - INFO - Accuracy using previous trained model: 0.813691364163766
[ 2023-05-17 07:47:33,519 ] 130 root - INFO - Accuracy using current trained model: 0.8131940991214984
[ 2023-05-17 07:47:33,519 ] 132 root - INFO - Current trained model is not better than previous model
